<?xml version="1.0" encoding="UTF-8"?>
<!-- Generated by org.testng.reporters.JUnitXMLReporter -->
<testsuite ignored="0" hostname="Yogini-PC" failures="20" tests="20" name="Default test" time="71.202" errors="0" timestamp="2025-10-13T15:06:51 CDT">
  <testcase classname="io.cucumber.testng.AbstractTestNGCucumberTests" name="runScenario" time="0.059">
    <failure type="io.cucumber.core.runner.DuplicateStepDefinitionException" message="Duplicate step definitions in stepDefinition.Array_StepDefinition.user_logged_in_to_the_ds_algo_portal_and_on_home_page() and stepDefinition.Graph_StepDefinition.user_logged_in_to_the_ds_algo_portal_and_on_home_page()">
      <![CDATA[io.cucumber.core.runner.DuplicateStepDefinitionException: Duplicate step definitions in stepDefinition.Array_StepDefinition.user_logged_in_to_the_ds_algo_portal_and_on_home_page() and stepDefinition.Graph_StepDefinition.user_logged_in_to_the_ds_algo_portal_and_on_home_page()
at io.cucumber.core.runner.CachingGlue.lambda$prepareGlue$3(CachingGlue.java:313)
at java.base/java.util.ArrayList.forEach(ArrayList.java:1596)
at io.cucumber.core.runner.CachingGlue.prepareGlue(CachingGlue.java:307)
at io.cucumber.core.runner.Runner.runPickle(Runner.java:73)
at io.cucumber.testng.TestNGCucumberRunner.lambda$runScenario$1(TestNGCucumberRunner.java:135)
at io.cucumber.core.runtime.CucumberExecutionContext.lambda$runTestCase$5(CucumberExecutionContext.java:136)
at io.cucumber.core.runtime.RethrowingThrowableCollector.executeAndThrow(RethrowingThrowableCollector.java:23)
at io.cucumber.core.runtime.CucumberExecutionContext.runTestCase(CucumberExecutionContext.java:136)
at io.cucumber.testng.TestNGCucumberRunner.runScenario(TestNGCucumberRunner.java:132)
at io.cucumber.testng.AbstractTestNGCucumberTests.runScenario(AbstractTestNGCucumberTests.java:35)
at java.base/jdk.internal.reflect.DirectMethodHandleAccessor.invoke(DirectMethodHandleAccessor.java:103)
at java.base/java.lang.reflect.Method.invoke(Method.java:580)
at org.testng.internal.invokers.MethodInvocationHelper.invokeMethod(MethodInvocationHelper.java:141)
at org.testng.internal.invokers.TestInvoker.invokeMethod(TestInvoker.java:687)
at org.testng.internal.invokers.TestInvoker.invokeTestMethod(TestInvoker.java:230)
at org.testng.internal.invokers.MethodRunner.runInSequence(MethodRunner.java:63)
at org.testng.internal.invokers.TestInvoker$MethodInvocationAgent.invoke(TestInvoker.java:995)
at org.testng.internal.invokers.TestInvoker.invokeTestMethods(TestInvoker.java:203)
at org.testng.internal.invokers.TestMethodWorker.invokeTestMethods(TestMethodWorker.java:154)
at org.testng.internal.invokers.TestMethodWorker.run(TestMethodWorker.java:134)
at java.base/java.util.ArrayList.forEach(ArrayList.java:1596)
at org.testng.TestRunner.privateRun(TestRunner.java:741)
at org.testng.TestRunner.run(TestRunner.java:616)
at org.testng.SuiteRunner.runTest(SuiteRunner.java:421)
at org.testng.SuiteRunner.runSequentially(SuiteRunner.java:413)
at org.testng.SuiteRunner.privateRun(SuiteRunner.java:373)
at org.testng.SuiteRunner.run(SuiteRunner.java:312)
at org.testng.SuiteRunnerWorker.runSuite(SuiteRunnerWorker.java:52)
at org.testng.SuiteRunnerWorker.run(SuiteRunnerWorker.java:95)
at org.testng.TestNG.runSuitesSequentially(TestNG.java:1274)
at org.testng.TestNG.runSuitesLocally(TestNG.java:1208)
at org.testng.TestNG.runSuites(TestNG.java:1112)
at org.testng.TestNG.run(TestNG.java:1079)
at org.testng.remote.AbstractRemoteTestNG.run(AbstractRemoteTestNG.java:115)
at org.testng.remote.RemoteTestNG.initAndRun(RemoteTestNG.java:293)
at org.testng.remote.RemoteTestNG.main(RemoteTestNG.java:91)
]]>
    </failure>
  </testcase> <!-- runScenario -->
  <testcase classname="io.cucumber.testng.AbstractTestNGCucumberTests" name="runScenario" time="3.91">
    <failure type="io.cucumber.testng.UndefinedStepException" message="The step &amp;apos;The user select Stack item from the drop down menu&amp;apos; and 1 other step(s) are undefined.
You can implement these steps using the snippet(s) below:

@When(&amp;quot;The user select Stack item from the drop down menu&amp;quot;)
public void the_user_select_stack_item_from_the_drop_down_menu() {
    // Write code here that turns the phrase above into concrete actions
    throw new io.cucumber.java.PendingException();
}
@Then(&amp;quot;The user should be directed to Stack Data Structure Page&amp;quot;)
public void the_user_should_be_directed_to_stack_data_structure_page() {
    // Write code here that turns the phrase above into concrete actions
    throw new io.cucumber.java.PendingException();
}
">
      <![CDATA[io.cucumber.testng.UndefinedStepException: The step 'The user select Stack item from the drop down menu' and 1 other step(s) are undefined.
You can implement these steps using the snippet(s) below:

@When("The user select Stack item from the drop down menu")
public void the_user_select_stack_item_from_the_drop_down_menu() {
    // Write code here that turns the phrase above into concrete actions
    throw new io.cucumber.java.PendingException();
}
@Then("The user should be directed to Stack Data Structure Page")
public void the_user_should_be_directed_to_stack_data_structure_page() {
    // Write code here that turns the phrase above into concrete actions
    throw new io.cucumber.java.PendingException();
}

at ✽.The user select Stack item from the drop down menu(file:///C:/Users/syogi/Ds-Algo/src/test/resources/features/stack.feature:11)
]]>
    </failure>
  </testcase> <!-- runScenario -->
  <testcase classname="io.cucumber.testng.AbstractTestNGCucumberTests" name="runScenario" time="3.811">
    <failure type="io.cucumber.testng.UndefinedStepException" message="The step &amp;apos;The user is in the Stack page&amp;apos; and 2 other step(s) are undefined.
You can implement these steps using the snippet(s) below:

@Given(&amp;quot;The user is in the Stack page&amp;quot;)
public void the_user_is_in_the_stack_page() {
    // Write code here that turns the phrase above into concrete actions
    throw new io.cucumber.java.PendingException();
}
@When(&amp;quot;The user clicks {string} link of Stack&amp;quot;)
public void the_user_clicks_link_of_stack(String string) {
    // Write code here that turns the phrase above into concrete actions
    throw new io.cucumber.java.PendingException();
}
@Then(&amp;quot;The user should be redirected to {string} page of Stack&amp;quot;)
public void the_user_should_be_redirected_to_page_of_stack(String string) {
    // Write code here that turns the phrase above into concrete actions
    throw new io.cucumber.java.PendingException();
}
">
      <![CDATA[io.cucumber.testng.UndefinedStepException: The step 'The user is in the Stack page' and 2 other step(s) are undefined.
You can implement these steps using the snippet(s) below:

@Given("The user is in the Stack page")
public void the_user_is_in_the_stack_page() {
    // Write code here that turns the phrase above into concrete actions
    throw new io.cucumber.java.PendingException();
}
@When("The user clicks {string} link of Stack")
public void the_user_clicks_link_of_stack(String string) {
    // Write code here that turns the phrase above into concrete actions
    throw new io.cucumber.java.PendingException();
}
@Then("The user should be redirected to {string} page of Stack")
public void the_user_should_be_redirected_to_page_of_stack(String string) {
    // Write code here that turns the phrase above into concrete actions
    throw new io.cucumber.java.PendingException();
}

at ✽.The user is in the Stack page(file:///C:/Users/syogi/Ds-Algo/src/test/resources/features/stack.feature:15)
]]>
    </failure>
  </testcase> <!-- runScenario -->
  <testcase classname="io.cucumber.testng.AbstractTestNGCucumberTests" name="runScenario" time="3.557">
    <failure type="io.cucumber.testng.UndefinedStepException" message="The step &amp;apos;The user is in the Stack page&amp;apos; and 2 other step(s) are undefined.
You can implement these steps using the snippet(s) below:

@Given(&amp;quot;The user is in the Stack page&amp;quot;)
public void the_user_is_in_the_stack_page() {
    // Write code here that turns the phrase above into concrete actions
    throw new io.cucumber.java.PendingException();
}
@When(&amp;quot;The user clicks {string} link of Stack&amp;quot;)
public void the_user_clicks_link_of_stack(String string) {
    // Write code here that turns the phrase above into concrete actions
    throw new io.cucumber.java.PendingException();
}
@Then(&amp;quot;The user should be redirected to {string} page of Stack&amp;quot;)
public void the_user_should_be_redirected_to_page_of_stack(String string) {
    // Write code here that turns the phrase above into concrete actions
    throw new io.cucumber.java.PendingException();
}
">
      <![CDATA[io.cucumber.testng.UndefinedStepException: The step 'The user is in the Stack page' and 2 other step(s) are undefined.
You can implement these steps using the snippet(s) below:

@Given("The user is in the Stack page")
public void the_user_is_in_the_stack_page() {
    // Write code here that turns the phrase above into concrete actions
    throw new io.cucumber.java.PendingException();
}
@When("The user clicks {string} link of Stack")
public void the_user_clicks_link_of_stack(String string) {
    // Write code here that turns the phrase above into concrete actions
    throw new io.cucumber.java.PendingException();
}
@Then("The user should be redirected to {string} page of Stack")
public void the_user_should_be_redirected_to_page_of_stack(String string) {
    // Write code here that turns the phrase above into concrete actions
    throw new io.cucumber.java.PendingException();
}

at ✽.The user is in the Stack page(file:///C:/Users/syogi/Ds-Algo/src/test/resources/features/stack.feature:15)
]]>
    </failure>
  </testcase> <!-- runScenario -->
  <testcase classname="io.cucumber.testng.AbstractTestNGCucumberTests" name="runScenario" time="3.842">
    <failure type="io.cucumber.testng.UndefinedStepException" message="The step &amp;apos;The user is in the Stack page&amp;apos; and 2 other step(s) are undefined.
You can implement these steps using the snippet(s) below:

@Given(&amp;quot;The user is in the Stack page&amp;quot;)
public void the_user_is_in_the_stack_page() {
    // Write code here that turns the phrase above into concrete actions
    throw new io.cucumber.java.PendingException();
}
@When(&amp;quot;The user clicks {string} link of Stack&amp;quot;)
public void the_user_clicks_link_of_stack(String string) {
    // Write code here that turns the phrase above into concrete actions
    throw new io.cucumber.java.PendingException();
}
@Then(&amp;quot;The user should be redirected to {string} page of Stack&amp;quot;)
public void the_user_should_be_redirected_to_page_of_stack(String string) {
    // Write code here that turns the phrase above into concrete actions
    throw new io.cucumber.java.PendingException();
}
">
      <![CDATA[io.cucumber.testng.UndefinedStepException: The step 'The user is in the Stack page' and 2 other step(s) are undefined.
You can implement these steps using the snippet(s) below:

@Given("The user is in the Stack page")
public void the_user_is_in_the_stack_page() {
    // Write code here that turns the phrase above into concrete actions
    throw new io.cucumber.java.PendingException();
}
@When("The user clicks {string} link of Stack")
public void the_user_clicks_link_of_stack(String string) {
    // Write code here that turns the phrase above into concrete actions
    throw new io.cucumber.java.PendingException();
}
@Then("The user should be redirected to {string} page of Stack")
public void the_user_should_be_redirected_to_page_of_stack(String string) {
    // Write code here that turns the phrase above into concrete actions
    throw new io.cucumber.java.PendingException();
}

at ✽.The user is in the Stack page(file:///C:/Users/syogi/Ds-Algo/src/test/resources/features/stack.feature:15)
]]>
    </failure>
  </testcase> <!-- runScenario -->
  <testcase classname="io.cucumber.testng.AbstractTestNGCucumberTests" name="runScenario" time="3.502">
    <failure type="io.cucumber.testng.UndefinedStepException" message="The step &amp;apos;User is in the stack &amp;quot;Operations in Stack&amp;quot; page&amp;apos; and 2 other step(s) are undefined.
You can implement these steps using the snippet(s) below:

@Given(&amp;quot;User is in the stack {string} page&amp;quot;)
public void user_is_in_the_stack_page(String string) {
    // Write code here that turns the phrase above into concrete actions
    throw new io.cucumber.java.PendingException();
}
@When(&amp;quot;The user clicks Try here button on the bottom of page&amp;quot;)
public void the_user_clicks_try_here_button_on_the_bottom_of_page() {
    // Write code here that turns the phrase above into concrete actions
    throw new io.cucumber.java.PendingException();
}
@Then(&amp;quot;The user should be redirected to Assessment page for stack&amp;quot;)
public void the_user_should_be_redirected_to_assessment_page_for_stack() {
    // Write code here that turns the phrase above into concrete actions
    throw new io.cucumber.java.PendingException();
}
">
      <![CDATA[io.cucumber.testng.UndefinedStepException: The step 'User is in the stack "Operations in Stack" page' and 2 other step(s) are undefined.
You can implement these steps using the snippet(s) below:

@Given("User is in the stack {string} page")
public void user_is_in_the_stack_page(String string) {
    // Write code here that turns the phrase above into concrete actions
    throw new io.cucumber.java.PendingException();
}
@When("The user clicks Try here button on the bottom of page")
public void the_user_clicks_try_here_button_on_the_bottom_of_page() {
    // Write code here that turns the phrase above into concrete actions
    throw new io.cucumber.java.PendingException();
}
@Then("The user should be redirected to Assessment page for stack")
public void the_user_should_be_redirected_to_assessment_page_for_stack() {
    // Write code here that turns the phrase above into concrete actions
    throw new io.cucumber.java.PendingException();
}

at ✽.User is in the stack "Operations in Stack" page(file:///C:/Users/syogi/Ds-Algo/src/test/resources/features/stack.feature:26)
]]>
    </failure>
  </testcase> <!-- runScenario -->
  <testcase classname="io.cucumber.testng.AbstractTestNGCucumberTests" name="runScenario" time="3.831">
    <failure type="io.cucumber.testng.UndefinedStepException" message="The step &amp;apos;User is in the stack &amp;quot;Implementation&amp;quot; page&amp;apos; and 2 other step(s) are undefined.
You can implement these steps using the snippet(s) below:

@Given(&amp;quot;User is in the stack {string} page&amp;quot;)
public void user_is_in_the_stack_page(String string) {
    // Write code here that turns the phrase above into concrete actions
    throw new io.cucumber.java.PendingException();
}
@When(&amp;quot;The user clicks Try here button on the bottom of page&amp;quot;)
public void the_user_clicks_try_here_button_on_the_bottom_of_page() {
    // Write code here that turns the phrase above into concrete actions
    throw new io.cucumber.java.PendingException();
}
@Then(&amp;quot;The user should be redirected to Assessment page for stack&amp;quot;)
public void the_user_should_be_redirected_to_assessment_page_for_stack() {
    // Write code here that turns the phrase above into concrete actions
    throw new io.cucumber.java.PendingException();
}
">
      <![CDATA[io.cucumber.testng.UndefinedStepException: The step 'User is in the stack "Implementation" page' and 2 other step(s) are undefined.
You can implement these steps using the snippet(s) below:

@Given("User is in the stack {string} page")
public void user_is_in_the_stack_page(String string) {
    // Write code here that turns the phrase above into concrete actions
    throw new io.cucumber.java.PendingException();
}
@When("The user clicks Try here button on the bottom of page")
public void the_user_clicks_try_here_button_on_the_bottom_of_page() {
    // Write code here that turns the phrase above into concrete actions
    throw new io.cucumber.java.PendingException();
}
@Then("The user should be redirected to Assessment page for stack")
public void the_user_should_be_redirected_to_assessment_page_for_stack() {
    // Write code here that turns the phrase above into concrete actions
    throw new io.cucumber.java.PendingException();
}

at ✽.User is in the stack "Implementation" page(file:///C:/Users/syogi/Ds-Algo/src/test/resources/features/stack.feature:26)
]]>
    </failure>
  </testcase> <!-- runScenario -->
  <testcase classname="io.cucumber.testng.AbstractTestNGCucumberTests" name="runScenario" time="3.618">
    <failure type="io.cucumber.testng.UndefinedStepException" message="The step &amp;apos;User is in the stack &amp;quot;Applications&amp;quot; page&amp;apos; and 2 other step(s) are undefined.
You can implement these steps using the snippet(s) below:

@Given(&amp;quot;User is in the stack {string} page&amp;quot;)
public void user_is_in_the_stack_page(String string) {
    // Write code here that turns the phrase above into concrete actions
    throw new io.cucumber.java.PendingException();
}
@When(&amp;quot;The user clicks Try here button on the bottom of page&amp;quot;)
public void the_user_clicks_try_here_button_on_the_bottom_of_page() {
    // Write code here that turns the phrase above into concrete actions
    throw new io.cucumber.java.PendingException();
}
@Then(&amp;quot;The user should be redirected to Assessment page for stack&amp;quot;)
public void the_user_should_be_redirected_to_assessment_page_for_stack() {
    // Write code here that turns the phrase above into concrete actions
    throw new io.cucumber.java.PendingException();
}
">
      <![CDATA[io.cucumber.testng.UndefinedStepException: The step 'User is in the stack "Applications" page' and 2 other step(s) are undefined.
You can implement these steps using the snippet(s) below:

@Given("User is in the stack {string} page")
public void user_is_in_the_stack_page(String string) {
    // Write code here that turns the phrase above into concrete actions
    throw new io.cucumber.java.PendingException();
}
@When("The user clicks Try here button on the bottom of page")
public void the_user_clicks_try_here_button_on_the_bottom_of_page() {
    // Write code here that turns the phrase above into concrete actions
    throw new io.cucumber.java.PendingException();
}
@Then("The user should be redirected to Assessment page for stack")
public void the_user_should_be_redirected_to_assessment_page_for_stack() {
    // Write code here that turns the phrase above into concrete actions
    throw new io.cucumber.java.PendingException();
}

at ✽.User is in the stack "Applications" page(file:///C:/Users/syogi/Ds-Algo/src/test/resources/features/stack.feature:26)
]]>
    </failure>
  </testcase> <!-- runScenario -->
  <testcase classname="io.cucumber.testng.AbstractTestNGCucumberTests" name="runScenario" time="3.658">
    <failure type="io.cucumber.testng.UndefinedStepException" message="The step &amp;apos;The user is in &amp;quot;Operations in Stack&amp;quot; in stack page&amp;apos; and 3 other step(s) are undefined.
You can implement these steps using the snippet(s) below:

@Given(&amp;quot;The user is in {string} in stack page&amp;quot;)
public void the_user_is_in_in_stack_page(String string) {
    // Write code here that turns the phrase above into concrete actions
    throw new io.cucumber.java.PendingException();
}
@When(&amp;quot;The user enters input from Excel sheet {string} with testcaseId {string} in text area for stack&amp;quot;)
public void the_user_enters_input_from_excel_sheet_with_testcase_id_in_text_area_for_stack(String string, String string2) {
    // Write code here that turns the phrase above into concrete actions
    throw new io.cucumber.java.PendingException();
}
@When(&amp;quot;User clicks on Run button&amp;quot;)
public void user_clicks_on_run_button() {
    // Write code here that turns the phrase above into concrete actions
    throw new io.cucumber.java.PendingException();
}
@Then(&amp;quot;The user should be able to see the expected output from excel&amp;quot;)
public void the_user_should_be_able_to_see_the_expected_output_from_excel() {
    // Write code here that turns the phrase above into concrete actions
    throw new io.cucumber.java.PendingException();
}
">
      <![CDATA[io.cucumber.testng.UndefinedStepException: The step 'The user is in "Operations in Stack" in stack page' and 3 other step(s) are undefined.
You can implement these steps using the snippet(s) below:

@Given("The user is in {string} in stack page")
public void the_user_is_in_in_stack_page(String string) {
    // Write code here that turns the phrase above into concrete actions
    throw new io.cucumber.java.PendingException();
}
@When("The user enters input from Excel sheet {string} with testcaseId {string} in text area for stack")
public void the_user_enters_input_from_excel_sheet_with_testcase_id_in_text_area_for_stack(String string, String string2) {
    // Write code here that turns the phrase above into concrete actions
    throw new io.cucumber.java.PendingException();
}
@When("User clicks on Run button")
public void user_clicks_on_run_button() {
    // Write code here that turns the phrase above into concrete actions
    throw new io.cucumber.java.PendingException();
}
@Then("The user should be able to see the expected output from excel")
public void the_user_should_be_able_to_see_the_expected_output_from_excel() {
    // Write code here that turns the phrase above into concrete actions
    throw new io.cucumber.java.PendingException();
}

at ✽.The user is in "Operations in Stack" in stack page(file:///C:/Users/syogi/Ds-Algo/src/test/resources/features/stack.feature:37)
]]>
    </failure>
  </testcase> <!-- runScenario -->
  <testcase classname="io.cucumber.testng.AbstractTestNGCucumberTests" name="runScenario" time="3.88">
    <failure type="io.cucumber.testng.UndefinedStepException" message="The step &amp;apos;The user is in &amp;quot;Operations in Stack&amp;quot; in stack page&amp;apos; and 3 other step(s) are undefined.
You can implement these steps using the snippet(s) below:

@Given(&amp;quot;The user is in {string} in stack page&amp;quot;)
public void the_user_is_in_in_stack_page(String string) {
    // Write code here that turns the phrase above into concrete actions
    throw new io.cucumber.java.PendingException();
}
@When(&amp;quot;The user enters input from Excel sheet {string} with testcaseId {string} in text area for stack&amp;quot;)
public void the_user_enters_input_from_excel_sheet_with_testcase_id_in_text_area_for_stack(String string, String string2) {
    // Write code here that turns the phrase above into concrete actions
    throw new io.cucumber.java.PendingException();
}
@When(&amp;quot;User clicks on Run button&amp;quot;)
public void user_clicks_on_run_button() {
    // Write code here that turns the phrase above into concrete actions
    throw new io.cucumber.java.PendingException();
}
@Then(&amp;quot;The user should be able to see the expected output from excel&amp;quot;)
public void the_user_should_be_able_to_see_the_expected_output_from_excel() {
    // Write code here that turns the phrase above into concrete actions
    throw new io.cucumber.java.PendingException();
}
">
      <![CDATA[io.cucumber.testng.UndefinedStepException: The step 'The user is in "Operations in Stack" in stack page' and 3 other step(s) are undefined.
You can implement these steps using the snippet(s) below:

@Given("The user is in {string} in stack page")
public void the_user_is_in_in_stack_page(String string) {
    // Write code here that turns the phrase above into concrete actions
    throw new io.cucumber.java.PendingException();
}
@When("The user enters input from Excel sheet {string} with testcaseId {string} in text area for stack")
public void the_user_enters_input_from_excel_sheet_with_testcase_id_in_text_area_for_stack(String string, String string2) {
    // Write code here that turns the phrase above into concrete actions
    throw new io.cucumber.java.PendingException();
}
@When("User clicks on Run button")
public void user_clicks_on_run_button() {
    // Write code here that turns the phrase above into concrete actions
    throw new io.cucumber.java.PendingException();
}
@Then("The user should be able to see the expected output from excel")
public void the_user_should_be_able_to_see_the_expected_output_from_excel() {
    // Write code here that turns the phrase above into concrete actions
    throw new io.cucumber.java.PendingException();
}

at ✽.The user is in "Operations in Stack" in stack page(file:///C:/Users/syogi/Ds-Algo/src/test/resources/features/stack.feature:37)
]]>
    </failure>
  </testcase> <!-- runScenario -->
  <testcase classname="io.cucumber.testng.AbstractTestNGCucumberTests" name="runScenario" time="3.493">
    <failure type="io.cucumber.testng.UndefinedStepException" message="The step &amp;apos;The user is in &amp;quot;Operations in Stack&amp;quot; in stack page&amp;apos; and 3 other step(s) are undefined.
You can implement these steps using the snippet(s) below:

@Given(&amp;quot;The user is in {string} in stack page&amp;quot;)
public void the_user_is_in_in_stack_page(String string) {
    // Write code here that turns the phrase above into concrete actions
    throw new io.cucumber.java.PendingException();
}
@When(&amp;quot;The user enters input from Excel sheet {string} with testcaseId {string} in text area for stack&amp;quot;)
public void the_user_enters_input_from_excel_sheet_with_testcase_id_in_text_area_for_stack(String string, String string2) {
    // Write code here that turns the phrase above into concrete actions
    throw new io.cucumber.java.PendingException();
}
@When(&amp;quot;User clicks on Run button&amp;quot;)
public void user_clicks_on_run_button() {
    // Write code here that turns the phrase above into concrete actions
    throw new io.cucumber.java.PendingException();
}
@Then(&amp;quot;The user should be able to see the expected output from excel&amp;quot;)
public void the_user_should_be_able_to_see_the_expected_output_from_excel() {
    // Write code here that turns the phrase above into concrete actions
    throw new io.cucumber.java.PendingException();
}
">
      <![CDATA[io.cucumber.testng.UndefinedStepException: The step 'The user is in "Operations in Stack" in stack page' and 3 other step(s) are undefined.
You can implement these steps using the snippet(s) below:

@Given("The user is in {string} in stack page")
public void the_user_is_in_in_stack_page(String string) {
    // Write code here that turns the phrase above into concrete actions
    throw new io.cucumber.java.PendingException();
}
@When("The user enters input from Excel sheet {string} with testcaseId {string} in text area for stack")
public void the_user_enters_input_from_excel_sheet_with_testcase_id_in_text_area_for_stack(String string, String string2) {
    // Write code here that turns the phrase above into concrete actions
    throw new io.cucumber.java.PendingException();
}
@When("User clicks on Run button")
public void user_clicks_on_run_button() {
    // Write code here that turns the phrase above into concrete actions
    throw new io.cucumber.java.PendingException();
}
@Then("The user should be able to see the expected output from excel")
public void the_user_should_be_able_to_see_the_expected_output_from_excel() {
    // Write code here that turns the phrase above into concrete actions
    throw new io.cucumber.java.PendingException();
}

at ✽.The user is in "Operations in Stack" in stack page(file:///C:/Users/syogi/Ds-Algo/src/test/resources/features/stack.feature:37)
]]>
    </failure>
  </testcase> <!-- runScenario -->
  <testcase classname="io.cucumber.testng.AbstractTestNGCucumberTests" name="runScenario" time="4.201">
    <failure type="io.cucumber.testng.UndefinedStepException" message="The step &amp;apos;The user is in &amp;quot;Implementation&amp;quot; in stack page&amp;apos; and 3 other step(s) are undefined.
You can implement these steps using the snippet(s) below:

@Given(&amp;quot;The user is in {string} in stack page&amp;quot;)
public void the_user_is_in_in_stack_page(String string) {
    // Write code here that turns the phrase above into concrete actions
    throw new io.cucumber.java.PendingException();
}
@When(&amp;quot;The user enters input from Excel sheet {string} with testcaseId {string} in text area for stack&amp;quot;)
public void the_user_enters_input_from_excel_sheet_with_testcase_id_in_text_area_for_stack(String string, String string2) {
    // Write code here that turns the phrase above into concrete actions
    throw new io.cucumber.java.PendingException();
}
@When(&amp;quot;User clicks on Run button&amp;quot;)
public void user_clicks_on_run_button() {
    // Write code here that turns the phrase above into concrete actions
    throw new io.cucumber.java.PendingException();
}
@Then(&amp;quot;The user should be able to see the expected output from excel&amp;quot;)
public void the_user_should_be_able_to_see_the_expected_output_from_excel() {
    // Write code here that turns the phrase above into concrete actions
    throw new io.cucumber.java.PendingException();
}
">
      <![CDATA[io.cucumber.testng.UndefinedStepException: The step 'The user is in "Implementation" in stack page' and 3 other step(s) are undefined.
You can implement these steps using the snippet(s) below:

@Given("The user is in {string} in stack page")
public void the_user_is_in_in_stack_page(String string) {
    // Write code here that turns the phrase above into concrete actions
    throw new io.cucumber.java.PendingException();
}
@When("The user enters input from Excel sheet {string} with testcaseId {string} in text area for stack")
public void the_user_enters_input_from_excel_sheet_with_testcase_id_in_text_area_for_stack(String string, String string2) {
    // Write code here that turns the phrase above into concrete actions
    throw new io.cucumber.java.PendingException();
}
@When("User clicks on Run button")
public void user_clicks_on_run_button() {
    // Write code here that turns the phrase above into concrete actions
    throw new io.cucumber.java.PendingException();
}
@Then("The user should be able to see the expected output from excel")
public void the_user_should_be_able_to_see_the_expected_output_from_excel() {
    // Write code here that turns the phrase above into concrete actions
    throw new io.cucumber.java.PendingException();
}

at ✽.The user is in "Implementation" in stack page(file:///C:/Users/syogi/Ds-Algo/src/test/resources/features/stack.feature:37)
]]>
    </failure>
  </testcase> <!-- runScenario -->
  <testcase classname="io.cucumber.testng.AbstractTestNGCucumberTests" name="runScenario" time="3.791">
    <failure type="io.cucumber.testng.UndefinedStepException" message="The step &amp;apos;The user is in &amp;quot;Implementation&amp;quot; in stack page&amp;apos; and 3 other step(s) are undefined.
You can implement these steps using the snippet(s) below:

@Given(&amp;quot;The user is in {string} in stack page&amp;quot;)
public void the_user_is_in_in_stack_page(String string) {
    // Write code here that turns the phrase above into concrete actions
    throw new io.cucumber.java.PendingException();
}
@When(&amp;quot;The user enters input from Excel sheet {string} with testcaseId {string} in text area for stack&amp;quot;)
public void the_user_enters_input_from_excel_sheet_with_testcase_id_in_text_area_for_stack(String string, String string2) {
    // Write code here that turns the phrase above into concrete actions
    throw new io.cucumber.java.PendingException();
}
@When(&amp;quot;User clicks on Run button&amp;quot;)
public void user_clicks_on_run_button() {
    // Write code here that turns the phrase above into concrete actions
    throw new io.cucumber.java.PendingException();
}
@Then(&amp;quot;The user should be able to see the expected output from excel&amp;quot;)
public void the_user_should_be_able_to_see_the_expected_output_from_excel() {
    // Write code here that turns the phrase above into concrete actions
    throw new io.cucumber.java.PendingException();
}
">
      <![CDATA[io.cucumber.testng.UndefinedStepException: The step 'The user is in "Implementation" in stack page' and 3 other step(s) are undefined.
You can implement these steps using the snippet(s) below:

@Given("The user is in {string} in stack page")
public void the_user_is_in_in_stack_page(String string) {
    // Write code here that turns the phrase above into concrete actions
    throw new io.cucumber.java.PendingException();
}
@When("The user enters input from Excel sheet {string} with testcaseId {string} in text area for stack")
public void the_user_enters_input_from_excel_sheet_with_testcase_id_in_text_area_for_stack(String string, String string2) {
    // Write code here that turns the phrase above into concrete actions
    throw new io.cucumber.java.PendingException();
}
@When("User clicks on Run button")
public void user_clicks_on_run_button() {
    // Write code here that turns the phrase above into concrete actions
    throw new io.cucumber.java.PendingException();
}
@Then("The user should be able to see the expected output from excel")
public void the_user_should_be_able_to_see_the_expected_output_from_excel() {
    // Write code here that turns the phrase above into concrete actions
    throw new io.cucumber.java.PendingException();
}

at ✽.The user is in "Implementation" in stack page(file:///C:/Users/syogi/Ds-Algo/src/test/resources/features/stack.feature:37)
]]>
    </failure>
  </testcase> <!-- runScenario -->
  <testcase classname="io.cucumber.testng.AbstractTestNGCucumberTests" name="runScenario" time="3.747">
    <failure type="io.cucumber.testng.UndefinedStepException" message="The step &amp;apos;The user is in &amp;quot;Implementation&amp;quot; in stack page&amp;apos; and 3 other step(s) are undefined.
You can implement these steps using the snippet(s) below:

@Given(&amp;quot;The user is in {string} in stack page&amp;quot;)
public void the_user_is_in_in_stack_page(String string) {
    // Write code here that turns the phrase above into concrete actions
    throw new io.cucumber.java.PendingException();
}
@When(&amp;quot;The user enters input from Excel sheet {string} with testcaseId {string} in text area for stack&amp;quot;)
public void the_user_enters_input_from_excel_sheet_with_testcase_id_in_text_area_for_stack(String string, String string2) {
    // Write code here that turns the phrase above into concrete actions
    throw new io.cucumber.java.PendingException();
}
@When(&amp;quot;User clicks on Run button&amp;quot;)
public void user_clicks_on_run_button() {
    // Write code here that turns the phrase above into concrete actions
    throw new io.cucumber.java.PendingException();
}
@Then(&amp;quot;The user should be able to see the expected output from excel&amp;quot;)
public void the_user_should_be_able_to_see_the_expected_output_from_excel() {
    // Write code here that turns the phrase above into concrete actions
    throw new io.cucumber.java.PendingException();
}
">
      <![CDATA[io.cucumber.testng.UndefinedStepException: The step 'The user is in "Implementation" in stack page' and 3 other step(s) are undefined.
You can implement these steps using the snippet(s) below:

@Given("The user is in {string} in stack page")
public void the_user_is_in_in_stack_page(String string) {
    // Write code here that turns the phrase above into concrete actions
    throw new io.cucumber.java.PendingException();
}
@When("The user enters input from Excel sheet {string} with testcaseId {string} in text area for stack")
public void the_user_enters_input_from_excel_sheet_with_testcase_id_in_text_area_for_stack(String string, String string2) {
    // Write code here that turns the phrase above into concrete actions
    throw new io.cucumber.java.PendingException();
}
@When("User clicks on Run button")
public void user_clicks_on_run_button() {
    // Write code here that turns the phrase above into concrete actions
    throw new io.cucumber.java.PendingException();
}
@Then("The user should be able to see the expected output from excel")
public void the_user_should_be_able_to_see_the_expected_output_from_excel() {
    // Write code here that turns the phrase above into concrete actions
    throw new io.cucumber.java.PendingException();
}

at ✽.The user is in "Implementation" in stack page(file:///C:/Users/syogi/Ds-Algo/src/test/resources/features/stack.feature:37)
]]>
    </failure>
  </testcase> <!-- runScenario -->
  <testcase classname="io.cucumber.testng.AbstractTestNGCucumberTests" name="runScenario" time="3.491">
    <failure type="io.cucumber.testng.UndefinedStepException" message="The step &amp;apos;The user is in &amp;quot;Applications&amp;quot; in stack page&amp;apos; and 3 other step(s) are undefined.
You can implement these steps using the snippet(s) below:

@Given(&amp;quot;The user is in {string} in stack page&amp;quot;)
public void the_user_is_in_in_stack_page(String string) {
    // Write code here that turns the phrase above into concrete actions
    throw new io.cucumber.java.PendingException();
}
@When(&amp;quot;The user enters input from Excel sheet {string} with testcaseId {string} in text area for stack&amp;quot;)
public void the_user_enters_input_from_excel_sheet_with_testcase_id_in_text_area_for_stack(String string, String string2) {
    // Write code here that turns the phrase above into concrete actions
    throw new io.cucumber.java.PendingException();
}
@When(&amp;quot;User clicks on Run button&amp;quot;)
public void user_clicks_on_run_button() {
    // Write code here that turns the phrase above into concrete actions
    throw new io.cucumber.java.PendingException();
}
@Then(&amp;quot;The user should be able to see the expected output from excel&amp;quot;)
public void the_user_should_be_able_to_see_the_expected_output_from_excel() {
    // Write code here that turns the phrase above into concrete actions
    throw new io.cucumber.java.PendingException();
}
">
      <![CDATA[io.cucumber.testng.UndefinedStepException: The step 'The user is in "Applications" in stack page' and 3 other step(s) are undefined.
You can implement these steps using the snippet(s) below:

@Given("The user is in {string} in stack page")
public void the_user_is_in_in_stack_page(String string) {
    // Write code here that turns the phrase above into concrete actions
    throw new io.cucumber.java.PendingException();
}
@When("The user enters input from Excel sheet {string} with testcaseId {string} in text area for stack")
public void the_user_enters_input_from_excel_sheet_with_testcase_id_in_text_area_for_stack(String string, String string2) {
    // Write code here that turns the phrase above into concrete actions
    throw new io.cucumber.java.PendingException();
}
@When("User clicks on Run button")
public void user_clicks_on_run_button() {
    // Write code here that turns the phrase above into concrete actions
    throw new io.cucumber.java.PendingException();
}
@Then("The user should be able to see the expected output from excel")
public void the_user_should_be_able_to_see_the_expected_output_from_excel() {
    // Write code here that turns the phrase above into concrete actions
    throw new io.cucumber.java.PendingException();
}

at ✽.The user is in "Applications" in stack page(file:///C:/Users/syogi/Ds-Algo/src/test/resources/features/stack.feature:37)
]]>
    </failure>
  </testcase> <!-- runScenario -->
  <testcase classname="io.cucumber.testng.AbstractTestNGCucumberTests" name="runScenario" time="3.36">
    <failure type="io.cucumber.testng.UndefinedStepException" message="The step &amp;apos;The user is in &amp;quot;Applications&amp;quot; in stack page&amp;apos; and 3 other step(s) are undefined.
You can implement these steps using the snippet(s) below:

@Given(&amp;quot;The user is in {string} in stack page&amp;quot;)
public void the_user_is_in_in_stack_page(String string) {
    // Write code here that turns the phrase above into concrete actions
    throw new io.cucumber.java.PendingException();
}
@When(&amp;quot;The user enters input from Excel sheet {string} with testcaseId {string} in text area for stack&amp;quot;)
public void the_user_enters_input_from_excel_sheet_with_testcase_id_in_text_area_for_stack(String string, String string2) {
    // Write code here that turns the phrase above into concrete actions
    throw new io.cucumber.java.PendingException();
}
@When(&amp;quot;User clicks on Run button&amp;quot;)
public void user_clicks_on_run_button() {
    // Write code here that turns the phrase above into concrete actions
    throw new io.cucumber.java.PendingException();
}
@Then(&amp;quot;The user should be able to see the expected output from excel&amp;quot;)
public void the_user_should_be_able_to_see_the_expected_output_from_excel() {
    // Write code here that turns the phrase above into concrete actions
    throw new io.cucumber.java.PendingException();
}
">
      <![CDATA[io.cucumber.testng.UndefinedStepException: The step 'The user is in "Applications" in stack page' and 3 other step(s) are undefined.
You can implement these steps using the snippet(s) below:

@Given("The user is in {string} in stack page")
public void the_user_is_in_in_stack_page(String string) {
    // Write code here that turns the phrase above into concrete actions
    throw new io.cucumber.java.PendingException();
}
@When("The user enters input from Excel sheet {string} with testcaseId {string} in text area for stack")
public void the_user_enters_input_from_excel_sheet_with_testcase_id_in_text_area_for_stack(String string, String string2) {
    // Write code here that turns the phrase above into concrete actions
    throw new io.cucumber.java.PendingException();
}
@When("User clicks on Run button")
public void user_clicks_on_run_button() {
    // Write code here that turns the phrase above into concrete actions
    throw new io.cucumber.java.PendingException();
}
@Then("The user should be able to see the expected output from excel")
public void the_user_should_be_able_to_see_the_expected_output_from_excel() {
    // Write code here that turns the phrase above into concrete actions
    throw new io.cucumber.java.PendingException();
}

at ✽.The user is in "Applications" in stack page(file:///C:/Users/syogi/Ds-Algo/src/test/resources/features/stack.feature:37)
]]>
    </failure>
  </testcase> <!-- runScenario -->
  <testcase classname="io.cucumber.testng.AbstractTestNGCucumberTests" name="runScenario" time="3.608">
    <failure type="io.cucumber.testng.UndefinedStepException" message="The step &amp;apos;The user is in &amp;quot;Applications&amp;quot; in stack page&amp;apos; and 3 other step(s) are undefined.
You can implement these steps using the snippet(s) below:

@Given(&amp;quot;The user is in {string} in stack page&amp;quot;)
public void the_user_is_in_in_stack_page(String string) {
    // Write code here that turns the phrase above into concrete actions
    throw new io.cucumber.java.PendingException();
}
@When(&amp;quot;The user enters input from Excel sheet {string} with testcaseId {string} in text area for stack&amp;quot;)
public void the_user_enters_input_from_excel_sheet_with_testcase_id_in_text_area_for_stack(String string, String string2) {
    // Write code here that turns the phrase above into concrete actions
    throw new io.cucumber.java.PendingException();
}
@When(&amp;quot;User clicks on Run button&amp;quot;)
public void user_clicks_on_run_button() {
    // Write code here that turns the phrase above into concrete actions
    throw new io.cucumber.java.PendingException();
}
@Then(&amp;quot;The user should be able to see the expected output from excel&amp;quot;)
public void the_user_should_be_able_to_see_the_expected_output_from_excel() {
    // Write code here that turns the phrase above into concrete actions
    throw new io.cucumber.java.PendingException();
}
">
      <![CDATA[io.cucumber.testng.UndefinedStepException: The step 'The user is in "Applications" in stack page' and 3 other step(s) are undefined.
You can implement these steps using the snippet(s) below:

@Given("The user is in {string} in stack page")
public void the_user_is_in_in_stack_page(String string) {
    // Write code here that turns the phrase above into concrete actions
    throw new io.cucumber.java.PendingException();
}
@When("The user enters input from Excel sheet {string} with testcaseId {string} in text area for stack")
public void the_user_enters_input_from_excel_sheet_with_testcase_id_in_text_area_for_stack(String string, String string2) {
    // Write code here that turns the phrase above into concrete actions
    throw new io.cucumber.java.PendingException();
}
@When("User clicks on Run button")
public void user_clicks_on_run_button() {
    // Write code here that turns the phrase above into concrete actions
    throw new io.cucumber.java.PendingException();
}
@Then("The user should be able to see the expected output from excel")
public void the_user_should_be_able_to_see_the_expected_output_from_excel() {
    // Write code here that turns the phrase above into concrete actions
    throw new io.cucumber.java.PendingException();
}

at ✽.The user is in "Applications" in stack page(file:///C:/Users/syogi/Ds-Algo/src/test/resources/features/stack.feature:37)
]]>
    </failure>
  </testcase> <!-- runScenario -->
  <testcase classname="io.cucumber.testng.AbstractTestNGCucumberTests" name="runScenario" time="3.433">
    <failure type="io.cucumber.testng.UndefinedStepException" message="The step &amp;apos;The user is in the &amp;quot;Operations in Stack&amp;quot; of Stack&amp;apos; and 2 other step(s) are undefined.
You can implement these steps using the snippet(s) below:

@Given(&amp;quot;The user is in the {string} of Stack&amp;quot;)
public void the_user_is_in_the_of_stack(String string) {
    // Write code here that turns the phrase above into concrete actions
    throw new io.cucumber.java.PendingException();
}
@When(&amp;quot;The user clicks Practice Questions link for Stack&amp;quot;)
public void the_user_clicks_practice_questions_link_for_stack() {
    // Write code here that turns the phrase above into concrete actions
    throw new io.cucumber.java.PendingException();
}
@Then(&amp;quot;User should be redirected to the {string} page&amp;quot;)
public void user_should_be_redirected_to_the_page(String string) {
    // Write code here that turns the phrase above into concrete actions
    throw new io.cucumber.java.PendingException();
}
">
      <![CDATA[io.cucumber.testng.UndefinedStepException: The step 'The user is in the "Operations in Stack" of Stack' and 2 other step(s) are undefined.
You can implement these steps using the snippet(s) below:

@Given("The user is in the {string} of Stack")
public void the_user_is_in_the_of_stack(String string) {
    // Write code here that turns the phrase above into concrete actions
    throw new io.cucumber.java.PendingException();
}
@When("The user clicks Practice Questions link for Stack")
public void the_user_clicks_practice_questions_link_for_stack() {
    // Write code here that turns the phrase above into concrete actions
    throw new io.cucumber.java.PendingException();
}
@Then("User should be redirected to the {string} page")
public void user_should_be_redirected_to_the_page(String string) {
    // Write code here that turns the phrase above into concrete actions
    throw new io.cucumber.java.PendingException();
}

at ✽.The user is in the "Operations in Stack" of Stack(file:///C:/Users/syogi/Ds-Algo/src/test/resources/features/stack.feature:57)
]]>
    </failure>
  </testcase> <!-- runScenario -->
  <testcase classname="io.cucumber.testng.AbstractTestNGCucumberTests" name="runScenario" time="3.663">
    <failure type="io.cucumber.testng.UndefinedStepException" message="The step &amp;apos;The user is in the &amp;quot;Implementation&amp;quot; of Stack&amp;apos; and 2 other step(s) are undefined.
You can implement these steps using the snippet(s) below:

@Given(&amp;quot;The user is in the {string} of Stack&amp;quot;)
public void the_user_is_in_the_of_stack(String string) {
    // Write code here that turns the phrase above into concrete actions
    throw new io.cucumber.java.PendingException();
}
@When(&amp;quot;The user clicks Practice Questions link for Stack&amp;quot;)
public void the_user_clicks_practice_questions_link_for_stack() {
    // Write code here that turns the phrase above into concrete actions
    throw new io.cucumber.java.PendingException();
}
@Then(&amp;quot;User should be redirected to the {string} page&amp;quot;)
public void user_should_be_redirected_to_the_page(String string) {
    // Write code here that turns the phrase above into concrete actions
    throw new io.cucumber.java.PendingException();
}
">
      <![CDATA[io.cucumber.testng.UndefinedStepException: The step 'The user is in the "Implementation" of Stack' and 2 other step(s) are undefined.
You can implement these steps using the snippet(s) below:

@Given("The user is in the {string} of Stack")
public void the_user_is_in_the_of_stack(String string) {
    // Write code here that turns the phrase above into concrete actions
    throw new io.cucumber.java.PendingException();
}
@When("The user clicks Practice Questions link for Stack")
public void the_user_clicks_practice_questions_link_for_stack() {
    // Write code here that turns the phrase above into concrete actions
    throw new io.cucumber.java.PendingException();
}
@Then("User should be redirected to the {string} page")
public void user_should_be_redirected_to_the_page(String string) {
    // Write code here that turns the phrase above into concrete actions
    throw new io.cucumber.java.PendingException();
}

at ✽.The user is in the "Implementation" of Stack(file:///C:/Users/syogi/Ds-Algo/src/test/resources/features/stack.feature:57)
]]>
    </failure>
  </testcase> <!-- runScenario -->
  <testcase classname="io.cucumber.testng.AbstractTestNGCucumberTests" name="runScenario" time="3.918">
    <failure type="io.cucumber.testng.UndefinedStepException" message="The step &amp;apos;The user is in the &amp;quot;Applications&amp;quot; of Stack&amp;apos; and 2 other step(s) are undefined.
You can implement these steps using the snippet(s) below:

@Given(&amp;quot;The user is in the {string} of Stack&amp;quot;)
public void the_user_is_in_the_of_stack(String string) {
    // Write code here that turns the phrase above into concrete actions
    throw new io.cucumber.java.PendingException();
}
@When(&amp;quot;The user clicks Practice Questions link for Stack&amp;quot;)
public void the_user_clicks_practice_questions_link_for_stack() {
    // Write code here that turns the phrase above into concrete actions
    throw new io.cucumber.java.PendingException();
}
@Then(&amp;quot;User should be redirected to the {string} page&amp;quot;)
public void user_should_be_redirected_to_the_page(String string) {
    // Write code here that turns the phrase above into concrete actions
    throw new io.cucumber.java.PendingException();
}
">
      <![CDATA[io.cucumber.testng.UndefinedStepException: The step 'The user is in the "Applications" of Stack' and 2 other step(s) are undefined.
You can implement these steps using the snippet(s) below:

@Given("The user is in the {string} of Stack")
public void the_user_is_in_the_of_stack(String string) {
    // Write code here that turns the phrase above into concrete actions
    throw new io.cucumber.java.PendingException();
}
@When("The user clicks Practice Questions link for Stack")
public void the_user_clicks_practice_questions_link_for_stack() {
    // Write code here that turns the phrase above into concrete actions
    throw new io.cucumber.java.PendingException();
}
@Then("User should be redirected to the {string} page")
public void user_should_be_redirected_to_the_page(String string) {
    // Write code here that turns the phrase above into concrete actions
    throw new io.cucumber.java.PendingException();
}

at ✽.The user is in the "Applications" of Stack(file:///C:/Users/syogi/Ds-Algo/src/test/resources/features/stack.feature:57)
]]>
    </failure>
  </testcase> <!-- runScenario -->
</testsuite> <!-- Default test -->
