<?xml version="1.0" encoding="UTF-8"?>
<testng-results ignored="0" total="20" passed="0" failed="20" skipped="0">
  <reporter-output>
  </reporter-output>
  <suite started-at="2025-10-13T15:05:39 CDT" name="Default suite" finished-at="2025-10-13T15:06:51 CDT" duration-ms="71202">
    <groups>
      <group name="cucumber">
        <method signature="AbstractTestNGCucumberTests.runScenario(io.cucumber.testng.PickleWrapper,io.cucumber.testng.FeatureWrapper)[pri:0, instance:runner.Runner@587e5365]" name="runScenario" class="io.cucumber.testng.AbstractTestNGCucumberTests"/>
      </group> <!-- cucumber -->
    </groups>
    <test started-at="2025-10-13T15:05:39 CDT" name="Default test" finished-at="2025-10-13T15:06:51 CDT" duration-ms="71202">
      <class name="runner.Runner">
        <test-method is-config="true" signature="setUpClass(org.testng.ITestContext)[pri:0, instance:runner.Runner@587e5365]" started-at="2025-10-13T15:05:39 CDT" name="setUpClass" finished-at="2025-10-13T15:05:40 CDT" duration-ms="661" status="PASS">
          <params>
            <param index="0">
              <value>
                <![CDATA[org.testng.TestRunner@4567fb2b]]>
              </value>
            </param>
          </params>
          <reporter-output>
          </reporter-output>
        </test-method> <!-- setUpClass -->
        <test-method signature="runScenario(io.cucumber.testng.PickleWrapper,io.cucumber.testng.FeatureWrapper)[pri:0, instance:runner.Runner@587e5365]" started-at="2025-10-13T15:05:40 CDT" name="runScenario" description="Runs Cucumber Scenarios" data-provider="scenarios" finished-at="2025-10-13T15:05:40 CDT" duration-ms="59" status="FAIL">
          <params>
            <param index="0">
              <value>
                <![CDATA["Verify that user is able to navigate to Stack datastructure page from Get Started Link"]]>
              </value>
            </param>
            <param index="1">
              <value>
                <![CDATA["Stack data structure page"]]>
              </value>
            </param>
          </params>
          <exception class="io.cucumber.core.runner.DuplicateStepDefinitionException">
            <message>
              <![CDATA[Duplicate step definitions in stepDefinition.Array_StepDefinition.user_logged_in_to_the_ds_algo_portal_and_on_home_page() and stepDefinition.Graph_StepDefinition.user_logged_in_to_the_ds_algo_portal_and_on_home_page()]]>
            </message>
            <full-stacktrace>
              <![CDATA[io.cucumber.core.runner.DuplicateStepDefinitionException: Duplicate step definitions in stepDefinition.Array_StepDefinition.user_logged_in_to_the_ds_algo_portal_and_on_home_page() and stepDefinition.Graph_StepDefinition.user_logged_in_to_the_ds_algo_portal_and_on_home_page()
at io.cucumber.core.runner.CachingGlue.lambda$prepareGlue$3(CachingGlue.java:313)
at java.base/java.util.ArrayList.forEach(ArrayList.java:1596)
at io.cucumber.core.runner.CachingGlue.prepareGlue(CachingGlue.java:307)
at io.cucumber.core.runner.Runner.runPickle(Runner.java:73)
at io.cucumber.testng.TestNGCucumberRunner.lambda$runScenario$1(TestNGCucumberRunner.java:135)
at io.cucumber.core.runtime.CucumberExecutionContext.lambda$runTestCase$5(CucumberExecutionContext.java:136)
at io.cucumber.core.runtime.RethrowingThrowableCollector.executeAndThrow(RethrowingThrowableCollector.java:23)
at io.cucumber.core.runtime.CucumberExecutionContext.runTestCase(CucumberExecutionContext.java:136)
at io.cucumber.testng.TestNGCucumberRunner.runScenario(TestNGCucumberRunner.java:132)
at io.cucumber.testng.AbstractTestNGCucumberTests.runScenario(AbstractTestNGCucumberTests.java:35)
at java.base/jdk.internal.reflect.DirectMethodHandleAccessor.invoke(DirectMethodHandleAccessor.java:103)
at java.base/java.lang.reflect.Method.invoke(Method.java:580)
at org.testng.internal.invokers.MethodInvocationHelper.invokeMethod(MethodInvocationHelper.java:141)
at org.testng.internal.invokers.TestInvoker.invokeMethod(TestInvoker.java:687)
at org.testng.internal.invokers.TestInvoker.invokeTestMethod(TestInvoker.java:230)
at org.testng.internal.invokers.MethodRunner.runInSequence(MethodRunner.java:63)
at org.testng.internal.invokers.TestInvoker$MethodInvocationAgent.invoke(TestInvoker.java:995)
at org.testng.internal.invokers.TestInvoker.invokeTestMethods(TestInvoker.java:203)
at org.testng.internal.invokers.TestMethodWorker.invokeTestMethods(TestMethodWorker.java:154)
at org.testng.internal.invokers.TestMethodWorker.run(TestMethodWorker.java:134)
at java.base/java.util.ArrayList.forEach(ArrayList.java:1596)
at org.testng.TestRunner.privateRun(TestRunner.java:741)
at org.testng.TestRunner.run(TestRunner.java:616)
at org.testng.SuiteRunner.runTest(SuiteRunner.java:421)
at org.testng.SuiteRunner.runSequentially(SuiteRunner.java:413)
at org.testng.SuiteRunner.privateRun(SuiteRunner.java:373)
at org.testng.SuiteRunner.run(SuiteRunner.java:312)
at org.testng.SuiteRunnerWorker.runSuite(SuiteRunnerWorker.java:52)
at org.testng.SuiteRunnerWorker.run(SuiteRunnerWorker.java:95)
at org.testng.TestNG.runSuitesSequentially(TestNG.java:1274)
at org.testng.TestNG.runSuitesLocally(TestNG.java:1208)
at org.testng.TestNG.runSuites(TestNG.java:1112)
at org.testng.TestNG.run(TestNG.java:1079)
at org.testng.remote.AbstractRemoteTestNG.run(AbstractRemoteTestNG.java:115)
at org.testng.remote.RemoteTestNG.initAndRun(RemoteTestNG.java:293)
at org.testng.remote.RemoteTestNG.main(RemoteTestNG.java:91)
]]>
            </full-stacktrace>
          </exception> <!-- io.cucumber.core.runner.DuplicateStepDefinitionException -->
          <reporter-output>
          </reporter-output>
        </test-method> <!-- runScenario -->
        <test-method signature="runScenario(io.cucumber.testng.PickleWrapper,io.cucumber.testng.FeatureWrapper)[pri:0, instance:runner.Runner@587e5365]" started-at="2025-10-13T15:05:40 CDT" name="runScenario" description="Runs Cucumber Scenarios" data-provider="scenarios" finished-at="2025-10-13T15:05:44 CDT" duration-ms="3910" status="FAIL">
          <params>
            <param index="0">
              <value>
                <![CDATA["Verify that user is able to navigate to Stack datastructure page from dropdown"]]>
              </value>
            </param>
            <param index="1">
              <value>
                <![CDATA["Stack data structure page"]]>
              </value>
            </param>
          </params>
          <exception class="io.cucumber.testng.UndefinedStepException">
            <message>
              <![CDATA[The step 'The user select Stack item from the drop down menu' and 1 other step(s) are undefined.
You can implement these steps using the snippet(s) below:

@When("The user select Stack item from the drop down menu")
public void the_user_select_stack_item_from_the_drop_down_menu() {
    // Write code here that turns the phrase above into concrete actions
    throw new io.cucumber.java.PendingException();
}
@Then("The user should be directed to Stack Data Structure Page")
public void the_user_should_be_directed_to_stack_data_structure_page() {
    // Write code here that turns the phrase above into concrete actions
    throw new io.cucumber.java.PendingException();
}
]]>
            </message>
            <full-stacktrace>
              <![CDATA[io.cucumber.testng.UndefinedStepException: The step 'The user select Stack item from the drop down menu' and 1 other step(s) are undefined.
You can implement these steps using the snippet(s) below:

@When("The user select Stack item from the drop down menu")
public void the_user_select_stack_item_from_the_drop_down_menu() {
    // Write code here that turns the phrase above into concrete actions
    throw new io.cucumber.java.PendingException();
}
@Then("The user should be directed to Stack Data Structure Page")
public void the_user_should_be_directed_to_stack_data_structure_page() {
    // Write code here that turns the phrase above into concrete actions
    throw new io.cucumber.java.PendingException();
}

at ✽.The user select Stack item from the drop down menu(file:///C:/Users/syogi/Ds-Algo/src/test/resources/features/stack.feature:11)
]]>
            </full-stacktrace>
          </exception> <!-- io.cucumber.testng.UndefinedStepException -->
          <reporter-output>
          </reporter-output>
        </test-method> <!-- runScenario -->
        <test-method signature="runScenario(io.cucumber.testng.PickleWrapper,io.cucumber.testng.FeatureWrapper)[pri:0, instance:runner.Runner@587e5365]" started-at="2025-10-13T15:05:44 CDT" name="runScenario" description="Runs Cucumber Scenarios" data-provider="scenarios" finished-at="2025-10-13T15:05:48 CDT" duration-ms="3811" status="FAIL">
          <params>
            <param index="0">
              <value>
                <![CDATA["Verify that user is able to navigate to different links in Stack page"]]>
              </value>
            </param>
            <param index="1">
              <value>
                <![CDATA["Stack data structure page"]]>
              </value>
            </param>
          </params>
          <exception class="io.cucumber.testng.UndefinedStepException">
            <message>
              <![CDATA[The step 'The user is in the Stack page' and 2 other step(s) are undefined.
You can implement these steps using the snippet(s) below:

@Given("The user is in the Stack page")
public void the_user_is_in_the_stack_page() {
    // Write code here that turns the phrase above into concrete actions
    throw new io.cucumber.java.PendingException();
}
@When("The user clicks {string} link of Stack")
public void the_user_clicks_link_of_stack(String string) {
    // Write code here that turns the phrase above into concrete actions
    throw new io.cucumber.java.PendingException();
}
@Then("The user should be redirected to {string} page of Stack")
public void the_user_should_be_redirected_to_page_of_stack(String string) {
    // Write code here that turns the phrase above into concrete actions
    throw new io.cucumber.java.PendingException();
}
]]>
            </message>
            <full-stacktrace>
              <![CDATA[io.cucumber.testng.UndefinedStepException: The step 'The user is in the Stack page' and 2 other step(s) are undefined.
You can implement these steps using the snippet(s) below:

@Given("The user is in the Stack page")
public void the_user_is_in_the_stack_page() {
    // Write code here that turns the phrase above into concrete actions
    throw new io.cucumber.java.PendingException();
}
@When("The user clicks {string} link of Stack")
public void the_user_clicks_link_of_stack(String string) {
    // Write code here that turns the phrase above into concrete actions
    throw new io.cucumber.java.PendingException();
}
@Then("The user should be redirected to {string} page of Stack")
public void the_user_should_be_redirected_to_page_of_stack(String string) {
    // Write code here that turns the phrase above into concrete actions
    throw new io.cucumber.java.PendingException();
}

at ✽.The user is in the Stack page(file:///C:/Users/syogi/Ds-Algo/src/test/resources/features/stack.feature:15)
]]>
            </full-stacktrace>
          </exception> <!-- io.cucumber.testng.UndefinedStepException -->
          <reporter-output>
          </reporter-output>
        </test-method> <!-- runScenario -->
        <test-method signature="runScenario(io.cucumber.testng.PickleWrapper,io.cucumber.testng.FeatureWrapper)[pri:0, instance:runner.Runner@587e5365]" started-at="2025-10-13T15:05:48 CDT" name="runScenario" description="Runs Cucumber Scenarios" data-provider="scenarios" finished-at="2025-10-13T15:05:51 CDT" duration-ms="3557" status="FAIL">
          <params>
            <param index="0">
              <value>
                <![CDATA["Verify that user is able to navigate to different links in Stack page"]]>
              </value>
            </param>
            <param index="1">
              <value>
                <![CDATA["Stack data structure page"]]>
              </value>
            </param>
          </params>
          <exception class="io.cucumber.testng.UndefinedStepException">
            <message>
              <![CDATA[The step 'The user is in the Stack page' and 2 other step(s) are undefined.
You can implement these steps using the snippet(s) below:

@Given("The user is in the Stack page")
public void the_user_is_in_the_stack_page() {
    // Write code here that turns the phrase above into concrete actions
    throw new io.cucumber.java.PendingException();
}
@When("The user clicks {string} link of Stack")
public void the_user_clicks_link_of_stack(String string) {
    // Write code here that turns the phrase above into concrete actions
    throw new io.cucumber.java.PendingException();
}
@Then("The user should be redirected to {string} page of Stack")
public void the_user_should_be_redirected_to_page_of_stack(String string) {
    // Write code here that turns the phrase above into concrete actions
    throw new io.cucumber.java.PendingException();
}
]]>
            </message>
            <full-stacktrace>
              <![CDATA[io.cucumber.testng.UndefinedStepException: The step 'The user is in the Stack page' and 2 other step(s) are undefined.
You can implement these steps using the snippet(s) below:

@Given("The user is in the Stack page")
public void the_user_is_in_the_stack_page() {
    // Write code here that turns the phrase above into concrete actions
    throw new io.cucumber.java.PendingException();
}
@When("The user clicks {string} link of Stack")
public void the_user_clicks_link_of_stack(String string) {
    // Write code here that turns the phrase above into concrete actions
    throw new io.cucumber.java.PendingException();
}
@Then("The user should be redirected to {string} page of Stack")
public void the_user_should_be_redirected_to_page_of_stack(String string) {
    // Write code here that turns the phrase above into concrete actions
    throw new io.cucumber.java.PendingException();
}

at ✽.The user is in the Stack page(file:///C:/Users/syogi/Ds-Algo/src/test/resources/features/stack.feature:15)
]]>
            </full-stacktrace>
          </exception> <!-- io.cucumber.testng.UndefinedStepException -->
          <reporter-output>
          </reporter-output>
        </test-method> <!-- runScenario -->
        <test-method signature="runScenario(io.cucumber.testng.PickleWrapper,io.cucumber.testng.FeatureWrapper)[pri:0, instance:runner.Runner@587e5365]" started-at="2025-10-13T15:05:51 CDT" name="runScenario" description="Runs Cucumber Scenarios" data-provider="scenarios" finished-at="2025-10-13T15:05:55 CDT" duration-ms="3842" status="FAIL">
          <params>
            <param index="0">
              <value>
                <![CDATA["Verify that user is able to navigate to different links in Stack page"]]>
              </value>
            </param>
            <param index="1">
              <value>
                <![CDATA["Stack data structure page"]]>
              </value>
            </param>
          </params>
          <exception class="io.cucumber.testng.UndefinedStepException">
            <message>
              <![CDATA[The step 'The user is in the Stack page' and 2 other step(s) are undefined.
You can implement these steps using the snippet(s) below:

@Given("The user is in the Stack page")
public void the_user_is_in_the_stack_page() {
    // Write code here that turns the phrase above into concrete actions
    throw new io.cucumber.java.PendingException();
}
@When("The user clicks {string} link of Stack")
public void the_user_clicks_link_of_stack(String string) {
    // Write code here that turns the phrase above into concrete actions
    throw new io.cucumber.java.PendingException();
}
@Then("The user should be redirected to {string} page of Stack")
public void the_user_should_be_redirected_to_page_of_stack(String string) {
    // Write code here that turns the phrase above into concrete actions
    throw new io.cucumber.java.PendingException();
}
]]>
            </message>
            <full-stacktrace>
              <![CDATA[io.cucumber.testng.UndefinedStepException: The step 'The user is in the Stack page' and 2 other step(s) are undefined.
You can implement these steps using the snippet(s) below:

@Given("The user is in the Stack page")
public void the_user_is_in_the_stack_page() {
    // Write code here that turns the phrase above into concrete actions
    throw new io.cucumber.java.PendingException();
}
@When("The user clicks {string} link of Stack")
public void the_user_clicks_link_of_stack(String string) {
    // Write code here that turns the phrase above into concrete actions
    throw new io.cucumber.java.PendingException();
}
@Then("The user should be redirected to {string} page of Stack")
public void the_user_should_be_redirected_to_page_of_stack(String string) {
    // Write code here that turns the phrase above into concrete actions
    throw new io.cucumber.java.PendingException();
}

at ✽.The user is in the Stack page(file:///C:/Users/syogi/Ds-Algo/src/test/resources/features/stack.feature:15)
]]>
            </full-stacktrace>
          </exception> <!-- io.cucumber.testng.UndefinedStepException -->
          <reporter-output>
          </reporter-output>
        </test-method> <!-- runScenario -->
        <test-method signature="runScenario(io.cucumber.testng.PickleWrapper,io.cucumber.testng.FeatureWrapper)[pri:0, instance:runner.Runner@587e5365]" started-at="2025-10-13T15:05:55 CDT" name="runScenario" description="Runs Cucumber Scenarios" data-provider="scenarios" finished-at="2025-10-13T15:05:59 CDT" duration-ms="3502" status="FAIL">
          <params>
            <param index="0">
              <value>
                <![CDATA["Verify user is able to navigate to Try Editor page for different links from Stack page"]]>
              </value>
            </param>
            <param index="1">
              <value>
                <![CDATA["Stack data structure page"]]>
              </value>
            </param>
          </params>
          <exception class="io.cucumber.testng.UndefinedStepException">
            <message>
              <![CDATA[The step 'User is in the stack "Operations in Stack" page' and 2 other step(s) are undefined.
You can implement these steps using the snippet(s) below:

@Given("User is in the stack {string} page")
public void user_is_in_the_stack_page(String string) {
    // Write code here that turns the phrase above into concrete actions
    throw new io.cucumber.java.PendingException();
}
@When("The user clicks Try here button on the bottom of page")
public void the_user_clicks_try_here_button_on_the_bottom_of_page() {
    // Write code here that turns the phrase above into concrete actions
    throw new io.cucumber.java.PendingException();
}
@Then("The user should be redirected to Assessment page for stack")
public void the_user_should_be_redirected_to_assessment_page_for_stack() {
    // Write code here that turns the phrase above into concrete actions
    throw new io.cucumber.java.PendingException();
}
]]>
            </message>
            <full-stacktrace>
              <![CDATA[io.cucumber.testng.UndefinedStepException: The step 'User is in the stack "Operations in Stack" page' and 2 other step(s) are undefined.
You can implement these steps using the snippet(s) below:

@Given("User is in the stack {string} page")
public void user_is_in_the_stack_page(String string) {
    // Write code here that turns the phrase above into concrete actions
    throw new io.cucumber.java.PendingException();
}
@When("The user clicks Try here button on the bottom of page")
public void the_user_clicks_try_here_button_on_the_bottom_of_page() {
    // Write code here that turns the phrase above into concrete actions
    throw new io.cucumber.java.PendingException();
}
@Then("The user should be redirected to Assessment page for stack")
public void the_user_should_be_redirected_to_assessment_page_for_stack() {
    // Write code here that turns the phrase above into concrete actions
    throw new io.cucumber.java.PendingException();
}

at ✽.User is in the stack "Operations in Stack" page(file:///C:/Users/syogi/Ds-Algo/src/test/resources/features/stack.feature:26)
]]>
            </full-stacktrace>
          </exception> <!-- io.cucumber.testng.UndefinedStepException -->
          <reporter-output>
          </reporter-output>
        </test-method> <!-- runScenario -->
        <test-method signature="runScenario(io.cucumber.testng.PickleWrapper,io.cucumber.testng.FeatureWrapper)[pri:0, instance:runner.Runner@587e5365]" started-at="2025-10-13T15:05:59 CDT" name="runScenario" description="Runs Cucumber Scenarios" data-provider="scenarios" finished-at="2025-10-13T15:06:03 CDT" duration-ms="3831" status="FAIL">
          <params>
            <param index="0">
              <value>
                <![CDATA["Verify user is able to navigate to Try Editor page for different links from Stack page"]]>
              </value>
            </param>
            <param index="1">
              <value>
                <![CDATA["Stack data structure page"]]>
              </value>
            </param>
          </params>
          <exception class="io.cucumber.testng.UndefinedStepException">
            <message>
              <![CDATA[The step 'User is in the stack "Implementation" page' and 2 other step(s) are undefined.
You can implement these steps using the snippet(s) below:

@Given("User is in the stack {string} page")
public void user_is_in_the_stack_page(String string) {
    // Write code here that turns the phrase above into concrete actions
    throw new io.cucumber.java.PendingException();
}
@When("The user clicks Try here button on the bottom of page")
public void the_user_clicks_try_here_button_on_the_bottom_of_page() {
    // Write code here that turns the phrase above into concrete actions
    throw new io.cucumber.java.PendingException();
}
@Then("The user should be redirected to Assessment page for stack")
public void the_user_should_be_redirected_to_assessment_page_for_stack() {
    // Write code here that turns the phrase above into concrete actions
    throw new io.cucumber.java.PendingException();
}
]]>
            </message>
            <full-stacktrace>
              <![CDATA[io.cucumber.testng.UndefinedStepException: The step 'User is in the stack "Implementation" page' and 2 other step(s) are undefined.
You can implement these steps using the snippet(s) below:

@Given("User is in the stack {string} page")
public void user_is_in_the_stack_page(String string) {
    // Write code here that turns the phrase above into concrete actions
    throw new io.cucumber.java.PendingException();
}
@When("The user clicks Try here button on the bottom of page")
public void the_user_clicks_try_here_button_on_the_bottom_of_page() {
    // Write code here that turns the phrase above into concrete actions
    throw new io.cucumber.java.PendingException();
}
@Then("The user should be redirected to Assessment page for stack")
public void the_user_should_be_redirected_to_assessment_page_for_stack() {
    // Write code here that turns the phrase above into concrete actions
    throw new io.cucumber.java.PendingException();
}

at ✽.User is in the stack "Implementation" page(file:///C:/Users/syogi/Ds-Algo/src/test/resources/features/stack.feature:26)
]]>
            </full-stacktrace>
          </exception> <!-- io.cucumber.testng.UndefinedStepException -->
          <reporter-output>
          </reporter-output>
        </test-method> <!-- runScenario -->
        <test-method signature="runScenario(io.cucumber.testng.PickleWrapper,io.cucumber.testng.FeatureWrapper)[pri:0, instance:runner.Runner@587e5365]" started-at="2025-10-13T15:06:03 CDT" name="runScenario" description="Runs Cucumber Scenarios" data-provider="scenarios" finished-at="2025-10-13T15:06:06 CDT" duration-ms="3618" status="FAIL">
          <params>
            <param index="0">
              <value>
                <![CDATA["Verify user is able to navigate to Try Editor page for different links from Stack page"]]>
              </value>
            </param>
            <param index="1">
              <value>
                <![CDATA["Stack data structure page"]]>
              </value>
            </param>
          </params>
          <exception class="io.cucumber.testng.UndefinedStepException">
            <message>
              <![CDATA[The step 'User is in the stack "Applications" page' and 2 other step(s) are undefined.
You can implement these steps using the snippet(s) below:

@Given("User is in the stack {string} page")
public void user_is_in_the_stack_page(String string) {
    // Write code here that turns the phrase above into concrete actions
    throw new io.cucumber.java.PendingException();
}
@When("The user clicks Try here button on the bottom of page")
public void the_user_clicks_try_here_button_on_the_bottom_of_page() {
    // Write code here that turns the phrase above into concrete actions
    throw new io.cucumber.java.PendingException();
}
@Then("The user should be redirected to Assessment page for stack")
public void the_user_should_be_redirected_to_assessment_page_for_stack() {
    // Write code here that turns the phrase above into concrete actions
    throw new io.cucumber.java.PendingException();
}
]]>
            </message>
            <full-stacktrace>
              <![CDATA[io.cucumber.testng.UndefinedStepException: The step 'User is in the stack "Applications" page' and 2 other step(s) are undefined.
You can implement these steps using the snippet(s) below:

@Given("User is in the stack {string} page")
public void user_is_in_the_stack_page(String string) {
    // Write code here that turns the phrase above into concrete actions
    throw new io.cucumber.java.PendingException();
}
@When("The user clicks Try here button on the bottom of page")
public void the_user_clicks_try_here_button_on_the_bottom_of_page() {
    // Write code here that turns the phrase above into concrete actions
    throw new io.cucumber.java.PendingException();
}
@Then("The user should be redirected to Assessment page for stack")
public void the_user_should_be_redirected_to_assessment_page_for_stack() {
    // Write code here that turns the phrase above into concrete actions
    throw new io.cucumber.java.PendingException();
}

at ✽.User is in the stack "Applications" page(file:///C:/Users/syogi/Ds-Algo/src/test/resources/features/stack.feature:26)
]]>
            </full-stacktrace>
          </exception> <!-- io.cucumber.testng.UndefinedStepException -->
          <reporter-output>
          </reporter-output>
        </test-method> <!-- runScenario -->
        <test-method signature="runScenario(io.cucumber.testng.PickleWrapper,io.cucumber.testng.FeatureWrapper)[pri:0, instance:runner.Runner@587e5365]" started-at="2025-10-13T15:06:06 CDT" name="runScenario" description="Runs Cucumber Scenarios" data-provider="scenarios" finished-at="2025-10-13T15:06:10 CDT" duration-ms="3658" status="FAIL">
          <params>
            <param index="0">
              <value>
                <![CDATA["User enters valid/invalid python code in Try Editor for different sub modules in Stack"]]>
              </value>
            </param>
            <param index="1">
              <value>
                <![CDATA["Stack data structure page"]]>
              </value>
            </param>
          </params>
          <exception class="io.cucumber.testng.UndefinedStepException">
            <message>
              <![CDATA[The step 'The user is in "Operations in Stack" in stack page' and 3 other step(s) are undefined.
You can implement these steps using the snippet(s) below:

@Given("The user is in {string} in stack page")
public void the_user_is_in_in_stack_page(String string) {
    // Write code here that turns the phrase above into concrete actions
    throw new io.cucumber.java.PendingException();
}
@When("The user enters input from Excel sheet {string} with testcaseId {string} in text area for stack")
public void the_user_enters_input_from_excel_sheet_with_testcase_id_in_text_area_for_stack(String string, String string2) {
    // Write code here that turns the phrase above into concrete actions
    throw new io.cucumber.java.PendingException();
}
@When("User clicks on Run button")
public void user_clicks_on_run_button() {
    // Write code here that turns the phrase above into concrete actions
    throw new io.cucumber.java.PendingException();
}
@Then("The user should be able to see the expected output from excel")
public void the_user_should_be_able_to_see_the_expected_output_from_excel() {
    // Write code here that turns the phrase above into concrete actions
    throw new io.cucumber.java.PendingException();
}
]]>
            </message>
            <full-stacktrace>
              <![CDATA[io.cucumber.testng.UndefinedStepException: The step 'The user is in "Operations in Stack" in stack page' and 3 other step(s) are undefined.
You can implement these steps using the snippet(s) below:

@Given("The user is in {string} in stack page")
public void the_user_is_in_in_stack_page(String string) {
    // Write code here that turns the phrase above into concrete actions
    throw new io.cucumber.java.PendingException();
}
@When("The user enters input from Excel sheet {string} with testcaseId {string} in text area for stack")
public void the_user_enters_input_from_excel_sheet_with_testcase_id_in_text_area_for_stack(String string, String string2) {
    // Write code here that turns the phrase above into concrete actions
    throw new io.cucumber.java.PendingException();
}
@When("User clicks on Run button")
public void user_clicks_on_run_button() {
    // Write code here that turns the phrase above into concrete actions
    throw new io.cucumber.java.PendingException();
}
@Then("The user should be able to see the expected output from excel")
public void the_user_should_be_able_to_see_the_expected_output_from_excel() {
    // Write code here that turns the phrase above into concrete actions
    throw new io.cucumber.java.PendingException();
}

at ✽.The user is in "Operations in Stack" in stack page(file:///C:/Users/syogi/Ds-Algo/src/test/resources/features/stack.feature:37)
]]>
            </full-stacktrace>
          </exception> <!-- io.cucumber.testng.UndefinedStepException -->
          <reporter-output>
          </reporter-output>
        </test-method> <!-- runScenario -->
        <test-method signature="runScenario(io.cucumber.testng.PickleWrapper,io.cucumber.testng.FeatureWrapper)[pri:0, instance:runner.Runner@587e5365]" started-at="2025-10-13T15:06:10 CDT" name="runScenario" description="Runs Cucumber Scenarios" data-provider="scenarios" finished-at="2025-10-13T15:06:14 CDT" duration-ms="3880" status="FAIL">
          <params>
            <param index="0">
              <value>
                <![CDATA["User enters valid/invalid python code in Try Editor for different sub modules in Stack"]]>
              </value>
            </param>
            <param index="1">
              <value>
                <![CDATA["Stack data structure page"]]>
              </value>
            </param>
          </params>
          <exception class="io.cucumber.testng.UndefinedStepException">
            <message>
              <![CDATA[The step 'The user is in "Operations in Stack" in stack page' and 3 other step(s) are undefined.
You can implement these steps using the snippet(s) below:

@Given("The user is in {string} in stack page")
public void the_user_is_in_in_stack_page(String string) {
    // Write code here that turns the phrase above into concrete actions
    throw new io.cucumber.java.PendingException();
}
@When("The user enters input from Excel sheet {string} with testcaseId {string} in text area for stack")
public void the_user_enters_input_from_excel_sheet_with_testcase_id_in_text_area_for_stack(String string, String string2) {
    // Write code here that turns the phrase above into concrete actions
    throw new io.cucumber.java.PendingException();
}
@When("User clicks on Run button")
public void user_clicks_on_run_button() {
    // Write code here that turns the phrase above into concrete actions
    throw new io.cucumber.java.PendingException();
}
@Then("The user should be able to see the expected output from excel")
public void the_user_should_be_able_to_see_the_expected_output_from_excel() {
    // Write code here that turns the phrase above into concrete actions
    throw new io.cucumber.java.PendingException();
}
]]>
            </message>
            <full-stacktrace>
              <![CDATA[io.cucumber.testng.UndefinedStepException: The step 'The user is in "Operations in Stack" in stack page' and 3 other step(s) are undefined.
You can implement these steps using the snippet(s) below:

@Given("The user is in {string} in stack page")
public void the_user_is_in_in_stack_page(String string) {
    // Write code here that turns the phrase above into concrete actions
    throw new io.cucumber.java.PendingException();
}
@When("The user enters input from Excel sheet {string} with testcaseId {string} in text area for stack")
public void the_user_enters_input_from_excel_sheet_with_testcase_id_in_text_area_for_stack(String string, String string2) {
    // Write code here that turns the phrase above into concrete actions
    throw new io.cucumber.java.PendingException();
}
@When("User clicks on Run button")
public void user_clicks_on_run_button() {
    // Write code here that turns the phrase above into concrete actions
    throw new io.cucumber.java.PendingException();
}
@Then("The user should be able to see the expected output from excel")
public void the_user_should_be_able_to_see_the_expected_output_from_excel() {
    // Write code here that turns the phrase above into concrete actions
    throw new io.cucumber.java.PendingException();
}

at ✽.The user is in "Operations in Stack" in stack page(file:///C:/Users/syogi/Ds-Algo/src/test/resources/features/stack.feature:37)
]]>
            </full-stacktrace>
          </exception> <!-- io.cucumber.testng.UndefinedStepException -->
          <reporter-output>
          </reporter-output>
        </test-method> <!-- runScenario -->
        <test-method signature="runScenario(io.cucumber.testng.PickleWrapper,io.cucumber.testng.FeatureWrapper)[pri:0, instance:runner.Runner@587e5365]" started-at="2025-10-13T15:06:14 CDT" name="runScenario" description="Runs Cucumber Scenarios" data-provider="scenarios" finished-at="2025-10-13T15:06:17 CDT" duration-ms="3493" status="FAIL">
          <params>
            <param index="0">
              <value>
                <![CDATA["User enters valid/invalid python code in Try Editor for different sub modules in Stack"]]>
              </value>
            </param>
            <param index="1">
              <value>
                <![CDATA["Stack data structure page"]]>
              </value>
            </param>
          </params>
          <exception class="io.cucumber.testng.UndefinedStepException">
            <message>
              <![CDATA[The step 'The user is in "Operations in Stack" in stack page' and 3 other step(s) are undefined.
You can implement these steps using the snippet(s) below:

@Given("The user is in {string} in stack page")
public void the_user_is_in_in_stack_page(String string) {
    // Write code here that turns the phrase above into concrete actions
    throw new io.cucumber.java.PendingException();
}
@When("The user enters input from Excel sheet {string} with testcaseId {string} in text area for stack")
public void the_user_enters_input_from_excel_sheet_with_testcase_id_in_text_area_for_stack(String string, String string2) {
    // Write code here that turns the phrase above into concrete actions
    throw new io.cucumber.java.PendingException();
}
@When("User clicks on Run button")
public void user_clicks_on_run_button() {
    // Write code here that turns the phrase above into concrete actions
    throw new io.cucumber.java.PendingException();
}
@Then("The user should be able to see the expected output from excel")
public void the_user_should_be_able_to_see_the_expected_output_from_excel() {
    // Write code here that turns the phrase above into concrete actions
    throw new io.cucumber.java.PendingException();
}
]]>
            </message>
            <full-stacktrace>
              <![CDATA[io.cucumber.testng.UndefinedStepException: The step 'The user is in "Operations in Stack" in stack page' and 3 other step(s) are undefined.
You can implement these steps using the snippet(s) below:

@Given("The user is in {string} in stack page")
public void the_user_is_in_in_stack_page(String string) {
    // Write code here that turns the phrase above into concrete actions
    throw new io.cucumber.java.PendingException();
}
@When("The user enters input from Excel sheet {string} with testcaseId {string} in text area for stack")
public void the_user_enters_input_from_excel_sheet_with_testcase_id_in_text_area_for_stack(String string, String string2) {
    // Write code here that turns the phrase above into concrete actions
    throw new io.cucumber.java.PendingException();
}
@When("User clicks on Run button")
public void user_clicks_on_run_button() {
    // Write code here that turns the phrase above into concrete actions
    throw new io.cucumber.java.PendingException();
}
@Then("The user should be able to see the expected output from excel")
public void the_user_should_be_able_to_see_the_expected_output_from_excel() {
    // Write code here that turns the phrase above into concrete actions
    throw new io.cucumber.java.PendingException();
}

at ✽.The user is in "Operations in Stack" in stack page(file:///C:/Users/syogi/Ds-Algo/src/test/resources/features/stack.feature:37)
]]>
            </full-stacktrace>
          </exception> <!-- io.cucumber.testng.UndefinedStepException -->
          <reporter-output>
          </reporter-output>
        </test-method> <!-- runScenario -->
        <test-method signature="runScenario(io.cucumber.testng.PickleWrapper,io.cucumber.testng.FeatureWrapper)[pri:0, instance:runner.Runner@587e5365]" started-at="2025-10-13T15:06:17 CDT" name="runScenario" description="Runs Cucumber Scenarios" data-provider="scenarios" finished-at="2025-10-13T15:06:21 CDT" duration-ms="4201" status="FAIL">
          <params>
            <param index="0">
              <value>
                <![CDATA["User enters valid/invalid python code in Try Editor for different sub modules in Stack"]]>
              </value>
            </param>
            <param index="1">
              <value>
                <![CDATA["Stack data structure page"]]>
              </value>
            </param>
          </params>
          <exception class="io.cucumber.testng.UndefinedStepException">
            <message>
              <![CDATA[The step 'The user is in "Implementation" in stack page' and 3 other step(s) are undefined.
You can implement these steps using the snippet(s) below:

@Given("The user is in {string} in stack page")
public void the_user_is_in_in_stack_page(String string) {
    // Write code here that turns the phrase above into concrete actions
    throw new io.cucumber.java.PendingException();
}
@When("The user enters input from Excel sheet {string} with testcaseId {string} in text area for stack")
public void the_user_enters_input_from_excel_sheet_with_testcase_id_in_text_area_for_stack(String string, String string2) {
    // Write code here that turns the phrase above into concrete actions
    throw new io.cucumber.java.PendingException();
}
@When("User clicks on Run button")
public void user_clicks_on_run_button() {
    // Write code here that turns the phrase above into concrete actions
    throw new io.cucumber.java.PendingException();
}
@Then("The user should be able to see the expected output from excel")
public void the_user_should_be_able_to_see_the_expected_output_from_excel() {
    // Write code here that turns the phrase above into concrete actions
    throw new io.cucumber.java.PendingException();
}
]]>
            </message>
            <full-stacktrace>
              <![CDATA[io.cucumber.testng.UndefinedStepException: The step 'The user is in "Implementation" in stack page' and 3 other step(s) are undefined.
You can implement these steps using the snippet(s) below:

@Given("The user is in {string} in stack page")
public void the_user_is_in_in_stack_page(String string) {
    // Write code here that turns the phrase above into concrete actions
    throw new io.cucumber.java.PendingException();
}
@When("The user enters input from Excel sheet {string} with testcaseId {string} in text area for stack")
public void the_user_enters_input_from_excel_sheet_with_testcase_id_in_text_area_for_stack(String string, String string2) {
    // Write code here that turns the phrase above into concrete actions
    throw new io.cucumber.java.PendingException();
}
@When("User clicks on Run button")
public void user_clicks_on_run_button() {
    // Write code here that turns the phrase above into concrete actions
    throw new io.cucumber.java.PendingException();
}
@Then("The user should be able to see the expected output from excel")
public void the_user_should_be_able_to_see_the_expected_output_from_excel() {
    // Write code here that turns the phrase above into concrete actions
    throw new io.cucumber.java.PendingException();
}

at ✽.The user is in "Implementation" in stack page(file:///C:/Users/syogi/Ds-Algo/src/test/resources/features/stack.feature:37)
]]>
            </full-stacktrace>
          </exception> <!-- io.cucumber.testng.UndefinedStepException -->
          <reporter-output>
          </reporter-output>
        </test-method> <!-- runScenario -->
        <test-method signature="runScenario(io.cucumber.testng.PickleWrapper,io.cucumber.testng.FeatureWrapper)[pri:0, instance:runner.Runner@587e5365]" started-at="2025-10-13T15:06:21 CDT" name="runScenario" description="Runs Cucumber Scenarios" data-provider="scenarios" finished-at="2025-10-13T15:06:25 CDT" duration-ms="3791" status="FAIL">
          <params>
            <param index="0">
              <value>
                <![CDATA["User enters valid/invalid python code in Try Editor for different sub modules in Stack"]]>
              </value>
            </param>
            <param index="1">
              <value>
                <![CDATA["Stack data structure page"]]>
              </value>
            </param>
          </params>
          <exception class="io.cucumber.testng.UndefinedStepException">
            <message>
              <![CDATA[The step 'The user is in "Implementation" in stack page' and 3 other step(s) are undefined.
You can implement these steps using the snippet(s) below:

@Given("The user is in {string} in stack page")
public void the_user_is_in_in_stack_page(String string) {
    // Write code here that turns the phrase above into concrete actions
    throw new io.cucumber.java.PendingException();
}
@When("The user enters input from Excel sheet {string} with testcaseId {string} in text area for stack")
public void the_user_enters_input_from_excel_sheet_with_testcase_id_in_text_area_for_stack(String string, String string2) {
    // Write code here that turns the phrase above into concrete actions
    throw new io.cucumber.java.PendingException();
}
@When("User clicks on Run button")
public void user_clicks_on_run_button() {
    // Write code here that turns the phrase above into concrete actions
    throw new io.cucumber.java.PendingException();
}
@Then("The user should be able to see the expected output from excel")
public void the_user_should_be_able_to_see_the_expected_output_from_excel() {
    // Write code here that turns the phrase above into concrete actions
    throw new io.cucumber.java.PendingException();
}
]]>
            </message>
            <full-stacktrace>
              <![CDATA[io.cucumber.testng.UndefinedStepException: The step 'The user is in "Implementation" in stack page' and 3 other step(s) are undefined.
You can implement these steps using the snippet(s) below:

@Given("The user is in {string} in stack page")
public void the_user_is_in_in_stack_page(String string) {
    // Write code here that turns the phrase above into concrete actions
    throw new io.cucumber.java.PendingException();
}
@When("The user enters input from Excel sheet {string} with testcaseId {string} in text area for stack")
public void the_user_enters_input_from_excel_sheet_with_testcase_id_in_text_area_for_stack(String string, String string2) {
    // Write code here that turns the phrase above into concrete actions
    throw new io.cucumber.java.PendingException();
}
@When("User clicks on Run button")
public void user_clicks_on_run_button() {
    // Write code here that turns the phrase above into concrete actions
    throw new io.cucumber.java.PendingException();
}
@Then("The user should be able to see the expected output from excel")
public void the_user_should_be_able_to_see_the_expected_output_from_excel() {
    // Write code here that turns the phrase above into concrete actions
    throw new io.cucumber.java.PendingException();
}

at ✽.The user is in "Implementation" in stack page(file:///C:/Users/syogi/Ds-Algo/src/test/resources/features/stack.feature:37)
]]>
            </full-stacktrace>
          </exception> <!-- io.cucumber.testng.UndefinedStepException -->
          <reporter-output>
          </reporter-output>
        </test-method> <!-- runScenario -->
        <test-method signature="runScenario(io.cucumber.testng.PickleWrapper,io.cucumber.testng.FeatureWrapper)[pri:0, instance:runner.Runner@587e5365]" started-at="2025-10-13T15:06:25 CDT" name="runScenario" description="Runs Cucumber Scenarios" data-provider="scenarios" finished-at="2025-10-13T15:06:29 CDT" duration-ms="3747" status="FAIL">
          <params>
            <param index="0">
              <value>
                <![CDATA["User enters valid/invalid python code in Try Editor for different sub modules in Stack"]]>
              </value>
            </param>
            <param index="1">
              <value>
                <![CDATA["Stack data structure page"]]>
              </value>
            </param>
          </params>
          <exception class="io.cucumber.testng.UndefinedStepException">
            <message>
              <![CDATA[The step 'The user is in "Implementation" in stack page' and 3 other step(s) are undefined.
You can implement these steps using the snippet(s) below:

@Given("The user is in {string} in stack page")
public void the_user_is_in_in_stack_page(String string) {
    // Write code here that turns the phrase above into concrete actions
    throw new io.cucumber.java.PendingException();
}
@When("The user enters input from Excel sheet {string} with testcaseId {string} in text area for stack")
public void the_user_enters_input_from_excel_sheet_with_testcase_id_in_text_area_for_stack(String string, String string2) {
    // Write code here that turns the phrase above into concrete actions
    throw new io.cucumber.java.PendingException();
}
@When("User clicks on Run button")
public void user_clicks_on_run_button() {
    // Write code here that turns the phrase above into concrete actions
    throw new io.cucumber.java.PendingException();
}
@Then("The user should be able to see the expected output from excel")
public void the_user_should_be_able_to_see_the_expected_output_from_excel() {
    // Write code here that turns the phrase above into concrete actions
    throw new io.cucumber.java.PendingException();
}
]]>
            </message>
            <full-stacktrace>
              <![CDATA[io.cucumber.testng.UndefinedStepException: The step 'The user is in "Implementation" in stack page' and 3 other step(s) are undefined.
You can implement these steps using the snippet(s) below:

@Given("The user is in {string} in stack page")
public void the_user_is_in_in_stack_page(String string) {
    // Write code here that turns the phrase above into concrete actions
    throw new io.cucumber.java.PendingException();
}
@When("The user enters input from Excel sheet {string} with testcaseId {string} in text area for stack")
public void the_user_enters_input_from_excel_sheet_with_testcase_id_in_text_area_for_stack(String string, String string2) {
    // Write code here that turns the phrase above into concrete actions
    throw new io.cucumber.java.PendingException();
}
@When("User clicks on Run button")
public void user_clicks_on_run_button() {
    // Write code here that turns the phrase above into concrete actions
    throw new io.cucumber.java.PendingException();
}
@Then("The user should be able to see the expected output from excel")
public void the_user_should_be_able_to_see_the_expected_output_from_excel() {
    // Write code here that turns the phrase above into concrete actions
    throw new io.cucumber.java.PendingException();
}

at ✽.The user is in "Implementation" in stack page(file:///C:/Users/syogi/Ds-Algo/src/test/resources/features/stack.feature:37)
]]>
            </full-stacktrace>
          </exception> <!-- io.cucumber.testng.UndefinedStepException -->
          <reporter-output>
          </reporter-output>
        </test-method> <!-- runScenario -->
        <test-method signature="runScenario(io.cucumber.testng.PickleWrapper,io.cucumber.testng.FeatureWrapper)[pri:0, instance:runner.Runner@587e5365]" started-at="2025-10-13T15:06:29 CDT" name="runScenario" description="Runs Cucumber Scenarios" data-provider="scenarios" finished-at="2025-10-13T15:06:32 CDT" duration-ms="3491" status="FAIL">
          <params>
            <param index="0">
              <value>
                <![CDATA["User enters valid/invalid python code in Try Editor for different sub modules in Stack"]]>
              </value>
            </param>
            <param index="1">
              <value>
                <![CDATA["Stack data structure page"]]>
              </value>
            </param>
          </params>
          <exception class="io.cucumber.testng.UndefinedStepException">
            <message>
              <![CDATA[The step 'The user is in "Applications" in stack page' and 3 other step(s) are undefined.
You can implement these steps using the snippet(s) below:

@Given("The user is in {string} in stack page")
public void the_user_is_in_in_stack_page(String string) {
    // Write code here that turns the phrase above into concrete actions
    throw new io.cucumber.java.PendingException();
}
@When("The user enters input from Excel sheet {string} with testcaseId {string} in text area for stack")
public void the_user_enters_input_from_excel_sheet_with_testcase_id_in_text_area_for_stack(String string, String string2) {
    // Write code here that turns the phrase above into concrete actions
    throw new io.cucumber.java.PendingException();
}
@When("User clicks on Run button")
public void user_clicks_on_run_button() {
    // Write code here that turns the phrase above into concrete actions
    throw new io.cucumber.java.PendingException();
}
@Then("The user should be able to see the expected output from excel")
public void the_user_should_be_able_to_see_the_expected_output_from_excel() {
    // Write code here that turns the phrase above into concrete actions
    throw new io.cucumber.java.PendingException();
}
]]>
            </message>
            <full-stacktrace>
              <![CDATA[io.cucumber.testng.UndefinedStepException: The step 'The user is in "Applications" in stack page' and 3 other step(s) are undefined.
You can implement these steps using the snippet(s) below:

@Given("The user is in {string} in stack page")
public void the_user_is_in_in_stack_page(String string) {
    // Write code here that turns the phrase above into concrete actions
    throw new io.cucumber.java.PendingException();
}
@When("The user enters input from Excel sheet {string} with testcaseId {string} in text area for stack")
public void the_user_enters_input_from_excel_sheet_with_testcase_id_in_text_area_for_stack(String string, String string2) {
    // Write code here that turns the phrase above into concrete actions
    throw new io.cucumber.java.PendingException();
}
@When("User clicks on Run button")
public void user_clicks_on_run_button() {
    // Write code here that turns the phrase above into concrete actions
    throw new io.cucumber.java.PendingException();
}
@Then("The user should be able to see the expected output from excel")
public void the_user_should_be_able_to_see_the_expected_output_from_excel() {
    // Write code here that turns the phrase above into concrete actions
    throw new io.cucumber.java.PendingException();
}

at ✽.The user is in "Applications" in stack page(file:///C:/Users/syogi/Ds-Algo/src/test/resources/features/stack.feature:37)
]]>
            </full-stacktrace>
          </exception> <!-- io.cucumber.testng.UndefinedStepException -->
          <reporter-output>
          </reporter-output>
        </test-method> <!-- runScenario -->
        <test-method signature="runScenario(io.cucumber.testng.PickleWrapper,io.cucumber.testng.FeatureWrapper)[pri:0, instance:runner.Runner@587e5365]" started-at="2025-10-13T15:06:32 CDT" name="runScenario" description="Runs Cucumber Scenarios" data-provider="scenarios" finished-at="2025-10-13T15:06:36 CDT" duration-ms="3360" status="FAIL">
          <params>
            <param index="0">
              <value>
                <![CDATA["User enters valid/invalid python code in Try Editor for different sub modules in Stack"]]>
              </value>
            </param>
            <param index="1">
              <value>
                <![CDATA["Stack data structure page"]]>
              </value>
            </param>
          </params>
          <exception class="io.cucumber.testng.UndefinedStepException">
            <message>
              <![CDATA[The step 'The user is in "Applications" in stack page' and 3 other step(s) are undefined.
You can implement these steps using the snippet(s) below:

@Given("The user is in {string} in stack page")
public void the_user_is_in_in_stack_page(String string) {
    // Write code here that turns the phrase above into concrete actions
    throw new io.cucumber.java.PendingException();
}
@When("The user enters input from Excel sheet {string} with testcaseId {string} in text area for stack")
public void the_user_enters_input_from_excel_sheet_with_testcase_id_in_text_area_for_stack(String string, String string2) {
    // Write code here that turns the phrase above into concrete actions
    throw new io.cucumber.java.PendingException();
}
@When("User clicks on Run button")
public void user_clicks_on_run_button() {
    // Write code here that turns the phrase above into concrete actions
    throw new io.cucumber.java.PendingException();
}
@Then("The user should be able to see the expected output from excel")
public void the_user_should_be_able_to_see_the_expected_output_from_excel() {
    // Write code here that turns the phrase above into concrete actions
    throw new io.cucumber.java.PendingException();
}
]]>
            </message>
            <full-stacktrace>
              <![CDATA[io.cucumber.testng.UndefinedStepException: The step 'The user is in "Applications" in stack page' and 3 other step(s) are undefined.
You can implement these steps using the snippet(s) below:

@Given("The user is in {string} in stack page")
public void the_user_is_in_in_stack_page(String string) {
    // Write code here that turns the phrase above into concrete actions
    throw new io.cucumber.java.PendingException();
}
@When("The user enters input from Excel sheet {string} with testcaseId {string} in text area for stack")
public void the_user_enters_input_from_excel_sheet_with_testcase_id_in_text_area_for_stack(String string, String string2) {
    // Write code here that turns the phrase above into concrete actions
    throw new io.cucumber.java.PendingException();
}
@When("User clicks on Run button")
public void user_clicks_on_run_button() {
    // Write code here that turns the phrase above into concrete actions
    throw new io.cucumber.java.PendingException();
}
@Then("The user should be able to see the expected output from excel")
public void the_user_should_be_able_to_see_the_expected_output_from_excel() {
    // Write code here that turns the phrase above into concrete actions
    throw new io.cucumber.java.PendingException();
}

at ✽.The user is in "Applications" in stack page(file:///C:/Users/syogi/Ds-Algo/src/test/resources/features/stack.feature:37)
]]>
            </full-stacktrace>
          </exception> <!-- io.cucumber.testng.UndefinedStepException -->
          <reporter-output>
          </reporter-output>
        </test-method> <!-- runScenario -->
        <test-method signature="runScenario(io.cucumber.testng.PickleWrapper,io.cucumber.testng.FeatureWrapper)[pri:0, instance:runner.Runner@587e5365]" started-at="2025-10-13T15:06:36 CDT" name="runScenario" description="Runs Cucumber Scenarios" data-provider="scenarios" finished-at="2025-10-13T15:06:39 CDT" duration-ms="3608" status="FAIL">
          <params>
            <param index="0">
              <value>
                <![CDATA["User enters valid/invalid python code in Try Editor for different sub modules in Stack"]]>
              </value>
            </param>
            <param index="1">
              <value>
                <![CDATA["Stack data structure page"]]>
              </value>
            </param>
          </params>
          <exception class="io.cucumber.testng.UndefinedStepException">
            <message>
              <![CDATA[The step 'The user is in "Applications" in stack page' and 3 other step(s) are undefined.
You can implement these steps using the snippet(s) below:

@Given("The user is in {string} in stack page")
public void the_user_is_in_in_stack_page(String string) {
    // Write code here that turns the phrase above into concrete actions
    throw new io.cucumber.java.PendingException();
}
@When("The user enters input from Excel sheet {string} with testcaseId {string} in text area for stack")
public void the_user_enters_input_from_excel_sheet_with_testcase_id_in_text_area_for_stack(String string, String string2) {
    // Write code here that turns the phrase above into concrete actions
    throw new io.cucumber.java.PendingException();
}
@When("User clicks on Run button")
public void user_clicks_on_run_button() {
    // Write code here that turns the phrase above into concrete actions
    throw new io.cucumber.java.PendingException();
}
@Then("The user should be able to see the expected output from excel")
public void the_user_should_be_able_to_see_the_expected_output_from_excel() {
    // Write code here that turns the phrase above into concrete actions
    throw new io.cucumber.java.PendingException();
}
]]>
            </message>
            <full-stacktrace>
              <![CDATA[io.cucumber.testng.UndefinedStepException: The step 'The user is in "Applications" in stack page' and 3 other step(s) are undefined.
You can implement these steps using the snippet(s) below:

@Given("The user is in {string} in stack page")
public void the_user_is_in_in_stack_page(String string) {
    // Write code here that turns the phrase above into concrete actions
    throw new io.cucumber.java.PendingException();
}
@When("The user enters input from Excel sheet {string} with testcaseId {string} in text area for stack")
public void the_user_enters_input_from_excel_sheet_with_testcase_id_in_text_area_for_stack(String string, String string2) {
    // Write code here that turns the phrase above into concrete actions
    throw new io.cucumber.java.PendingException();
}
@When("User clicks on Run button")
public void user_clicks_on_run_button() {
    // Write code here that turns the phrase above into concrete actions
    throw new io.cucumber.java.PendingException();
}
@Then("The user should be able to see the expected output from excel")
public void the_user_should_be_able_to_see_the_expected_output_from_excel() {
    // Write code here that turns the phrase above into concrete actions
    throw new io.cucumber.java.PendingException();
}

at ✽.The user is in "Applications" in stack page(file:///C:/Users/syogi/Ds-Algo/src/test/resources/features/stack.feature:37)
]]>
            </full-stacktrace>
          </exception> <!-- io.cucumber.testng.UndefinedStepException -->
          <reporter-output>
          </reporter-output>
        </test-method> <!-- runScenario -->
        <test-method signature="runScenario(io.cucumber.testng.PickleWrapper,io.cucumber.testng.FeatureWrapper)[pri:0, instance:runner.Runner@587e5365]" started-at="2025-10-13T15:06:39 CDT" name="runScenario" description="Runs Cucumber Scenarios" data-provider="scenarios" finished-at="2025-10-13T15:06:43 CDT" duration-ms="3433" status="FAIL">
          <params>
            <param index="0">
              <value>
                <![CDATA["Verify that user is able to navigate to Practice Questions links from Stack page"]]>
              </value>
            </param>
            <param index="1">
              <value>
                <![CDATA["Stack data structure page"]]>
              </value>
            </param>
          </params>
          <exception class="io.cucumber.testng.UndefinedStepException">
            <message>
              <![CDATA[The step 'The user is in the "Operations in Stack" of Stack' and 2 other step(s) are undefined.
You can implement these steps using the snippet(s) below:

@Given("The user is in the {string} of Stack")
public void the_user_is_in_the_of_stack(String string) {
    // Write code here that turns the phrase above into concrete actions
    throw new io.cucumber.java.PendingException();
}
@When("The user clicks Practice Questions link for Stack")
public void the_user_clicks_practice_questions_link_for_stack() {
    // Write code here that turns the phrase above into concrete actions
    throw new io.cucumber.java.PendingException();
}
@Then("User should be redirected to the {string} page")
public void user_should_be_redirected_to_the_page(String string) {
    // Write code here that turns the phrase above into concrete actions
    throw new io.cucumber.java.PendingException();
}
]]>
            </message>
            <full-stacktrace>
              <![CDATA[io.cucumber.testng.UndefinedStepException: The step 'The user is in the "Operations in Stack" of Stack' and 2 other step(s) are undefined.
You can implement these steps using the snippet(s) below:

@Given("The user is in the {string} of Stack")
public void the_user_is_in_the_of_stack(String string) {
    // Write code here that turns the phrase above into concrete actions
    throw new io.cucumber.java.PendingException();
}
@When("The user clicks Practice Questions link for Stack")
public void the_user_clicks_practice_questions_link_for_stack() {
    // Write code here that turns the phrase above into concrete actions
    throw new io.cucumber.java.PendingException();
}
@Then("User should be redirected to the {string} page")
public void user_should_be_redirected_to_the_page(String string) {
    // Write code here that turns the phrase above into concrete actions
    throw new io.cucumber.java.PendingException();
}

at ✽.The user is in the "Operations in Stack" of Stack(file:///C:/Users/syogi/Ds-Algo/src/test/resources/features/stack.feature:57)
]]>
            </full-stacktrace>
          </exception> <!-- io.cucumber.testng.UndefinedStepException -->
          <reporter-output>
          </reporter-output>
        </test-method> <!-- runScenario -->
        <test-method signature="runScenario(io.cucumber.testng.PickleWrapper,io.cucumber.testng.FeatureWrapper)[pri:0, instance:runner.Runner@587e5365]" started-at="2025-10-13T15:06:43 CDT" name="runScenario" description="Runs Cucumber Scenarios" data-provider="scenarios" finished-at="2025-10-13T15:06:47 CDT" duration-ms="3663" status="FAIL">
          <params>
            <param index="0">
              <value>
                <![CDATA["Verify that user is able to navigate to Practice Questions links from Stack page"]]>
              </value>
            </param>
            <param index="1">
              <value>
                <![CDATA["Stack data structure page"]]>
              </value>
            </param>
          </params>
          <exception class="io.cucumber.testng.UndefinedStepException">
            <message>
              <![CDATA[The step 'The user is in the "Implementation" of Stack' and 2 other step(s) are undefined.
You can implement these steps using the snippet(s) below:

@Given("The user is in the {string} of Stack")
public void the_user_is_in_the_of_stack(String string) {
    // Write code here that turns the phrase above into concrete actions
    throw new io.cucumber.java.PendingException();
}
@When("The user clicks Practice Questions link for Stack")
public void the_user_clicks_practice_questions_link_for_stack() {
    // Write code here that turns the phrase above into concrete actions
    throw new io.cucumber.java.PendingException();
}
@Then("User should be redirected to the {string} page")
public void user_should_be_redirected_to_the_page(String string) {
    // Write code here that turns the phrase above into concrete actions
    throw new io.cucumber.java.PendingException();
}
]]>
            </message>
            <full-stacktrace>
              <![CDATA[io.cucumber.testng.UndefinedStepException: The step 'The user is in the "Implementation" of Stack' and 2 other step(s) are undefined.
You can implement these steps using the snippet(s) below:

@Given("The user is in the {string} of Stack")
public void the_user_is_in_the_of_stack(String string) {
    // Write code here that turns the phrase above into concrete actions
    throw new io.cucumber.java.PendingException();
}
@When("The user clicks Practice Questions link for Stack")
public void the_user_clicks_practice_questions_link_for_stack() {
    // Write code here that turns the phrase above into concrete actions
    throw new io.cucumber.java.PendingException();
}
@Then("User should be redirected to the {string} page")
public void user_should_be_redirected_to_the_page(String string) {
    // Write code here that turns the phrase above into concrete actions
    throw new io.cucumber.java.PendingException();
}

at ✽.The user is in the "Implementation" of Stack(file:///C:/Users/syogi/Ds-Algo/src/test/resources/features/stack.feature:57)
]]>
            </full-stacktrace>
          </exception> <!-- io.cucumber.testng.UndefinedStepException -->
          <reporter-output>
          </reporter-output>
        </test-method> <!-- runScenario -->
        <test-method signature="runScenario(io.cucumber.testng.PickleWrapper,io.cucumber.testng.FeatureWrapper)[pri:0, instance:runner.Runner@587e5365]" started-at="2025-10-13T15:06:47 CDT" name="runScenario" description="Runs Cucumber Scenarios" data-provider="scenarios" finished-at="2025-10-13T15:06:50 CDT" duration-ms="3918" status="FAIL">
          <params>
            <param index="0">
              <value>
                <![CDATA["Verify that user is able to navigate to Practice Questions links from Stack page"]]>
              </value>
            </param>
            <param index="1">
              <value>
                <![CDATA["Stack data structure page"]]>
              </value>
            </param>
          </params>
          <exception class="io.cucumber.testng.UndefinedStepException">
            <message>
              <![CDATA[The step 'The user is in the "Applications" of Stack' and 2 other step(s) are undefined.
You can implement these steps using the snippet(s) below:

@Given("The user is in the {string} of Stack")
public void the_user_is_in_the_of_stack(String string) {
    // Write code here that turns the phrase above into concrete actions
    throw new io.cucumber.java.PendingException();
}
@When("The user clicks Practice Questions link for Stack")
public void the_user_clicks_practice_questions_link_for_stack() {
    // Write code here that turns the phrase above into concrete actions
    throw new io.cucumber.java.PendingException();
}
@Then("User should be redirected to the {string} page")
public void user_should_be_redirected_to_the_page(String string) {
    // Write code here that turns the phrase above into concrete actions
    throw new io.cucumber.java.PendingException();
}
]]>
            </message>
            <full-stacktrace>
              <![CDATA[io.cucumber.testng.UndefinedStepException: The step 'The user is in the "Applications" of Stack' and 2 other step(s) are undefined.
You can implement these steps using the snippet(s) below:

@Given("The user is in the {string} of Stack")
public void the_user_is_in_the_of_stack(String string) {
    // Write code here that turns the phrase above into concrete actions
    throw new io.cucumber.java.PendingException();
}
@When("The user clicks Practice Questions link for Stack")
public void the_user_clicks_practice_questions_link_for_stack() {
    // Write code here that turns the phrase above into concrete actions
    throw new io.cucumber.java.PendingException();
}
@Then("User should be redirected to the {string} page")
public void user_should_be_redirected_to_the_page(String string) {
    // Write code here that turns the phrase above into concrete actions
    throw new io.cucumber.java.PendingException();
}

at ✽.The user is in the "Applications" of Stack(file:///C:/Users/syogi/Ds-Algo/src/test/resources/features/stack.feature:57)
]]>
            </full-stacktrace>
          </exception> <!-- io.cucumber.testng.UndefinedStepException -->
          <reporter-output>
          </reporter-output>
        </test-method> <!-- runScenario -->
        <test-method is-config="true" signature="tearDownClass()[pri:0, instance:runner.Runner@587e5365]" started-at="2025-10-13T15:06:50 CDT" name="tearDownClass" finished-at="2025-10-13T15:06:51 CDT" duration-ms="59" status="PASS">
          <reporter-output>
          </reporter-output>
        </test-method> <!-- tearDownClass -->
      </class> <!-- runner.Runner -->
    </test> <!-- Default test -->
  </suite> <!-- Default suite -->
</testng-results>
